{'name': 'lib/curl/mix.sh', 'flags': {}}
{'name': 'dev/doc/groff/mix.sh', 'flags': {}}
{'name': 'lib/cxx/mix.sh', 'flags': {}}
{'name': 'lib/linux/mix.sh', 'flags': {}}
{'name': 'boot/final/cxx/mix.sh', 'flags': {}}
{'name': 'boot/stage/7/lib/mix.sh', 'flags': {}}
{'name': 'boot/lib/linux/mix.sh', 'flags': {}}
{'name': 'boot/stage/5/env/mix.sh', 'flags': {}}
{'name': 'boot/stage/5/dash/mix.sh', 'flags': {}}
{'name': 'boot/stage/4/env/mix.sh', 'flags': {}}
{'name': 'boot/stage/3/musl/mix.sh', 'flags': {}}
{'name': 'boot/stage/3/make/mix.sh', 'flags': {}}
{'name': 'boot/stage/1/musl/mix.sh', 'flags': {}}
{'name': 'boot/stage/0/env/mix.sh', 'flags': {}}
{'name': 'boot/stage/0/mix/mix.sh', 'flags': {}}
{'name': 'env/lld/linux/mix.sh', 'flags': {}}
{'name': 'env/clang/mix.sh', 'flags': {}}
{'name': 'env/system/mix.sh', 'flags': {}}
{'name': 'env/compiler/mix.sh', 'flags': {}}
{'name': 'env/bootstrap/mix.sh', 'flags': {}}
{'name': 'env/release/mix.sh', 'flags': {}}
{'name': 'env/linux/mix.sh', 'flags': {}}
{'name': 'boot/stage/2/env/mix.sh', 'flags': {}}
{'name': 'boot/stage/2/sbase/mix.sh', 'flags': {}}
{'name': 'boot/stage/2/heirloom/mix.sh', 'flags': {}}
{'name': 'boot/stage/2/bmake/mix.sh', 'flags': {}}
{'name': 'boot/stage/2/shutil/mix.sh', 'flags': {}}
{'name': 'boot/stage/1/env/mix.sh', 'flags': {}}
{'name': 'boot/stage/4/make/mix.sh', 'flags': {}}
{'name': 'boot/stage/4/coreutils/mix.sh', 'flags': {}}
{'name': 'boot/stage/3/env/mix.sh', 'flags': {}}
{'name': 'boot/stage/4/byacc/mix.sh', 'flags': {}}
{'name': 'boot/stage/4/gawk/mix.sh', 'flags': {}}
{'name': 'boot/stage/4/grep/mix.sh', 'flags': {}}
{'name': 'boot/stage/4/sed/mix.sh', 'flags': {}}
{'name': 'boot/stage/5/diffutils/mix.sh', 'flags': {}}
{'name': 'boot/stage/5/findutils/mix.sh', 'flags': {}}
{'name': 'boot/final/env/clang/mix.sh', 'flags': {}}
{'name': 'boot/stage/7/lib/musl/mix.sh', 'flags': {}}
{'name': 'boot/stage/6/env/clang/mix.sh', 'flags': {}}
{'name': 'boot/stage/6/clang/mix.sh', 'flags': {}}
{'name': 'boot/lib/cxx/mix.sh', 'flags': {}}
{'name': 'boot/lib/cxx/rt/mix.sh', 'flags': {}}
{'name': 'boot/lib/cxx/unwind/mix.sh', 'flags': {}}
{'name': 'boot/stage/6/cmake/mix.sh', 'flags': {}}
{'name': 'boot/stage/6/python/mix.sh', 'flags': {}}
{'name': 'boot/lib/z/mix.sh', 'flags': {}}
{'name': 'boot/lib/compiler_rt/mix.sh', 'flags': {}}
{'name': 'boot/stage/6/pkg-config/mix.sh', 'flags': {}}
{'name': 'boot/lib/iconv/mix.sh', 'flags': {}}
{'name': 'boot/stage/6/samurai/mix.sh', 'flags': {}}
{'name': 'boot/stage/6/env/tools/mix.sh', 'flags': {}}
{'name': 'boot/stage/7/lib/mimalloc/mix.sh', 'flags': {}}
{'name': 'boot/final/env/tools/mix.sh', 'flags': {}}
{'name': 'env/c/mix.sh', 'flags': {}}
{'name': 'lib/c/mix.sh', 'flags': {}}
{'name': 'lib/compiler_rt/mix.sh', 'flags': {}}
{'name': 'env/c/nort/mix.sh', 'flags': {}}
{'name': 'dev/lang/clang/mix.sh', 'flags': {}}
{'name': 'lib/musl/mix.sh', 'flags': {}}
{'name': 'lib/mimalloc/mix.sh', 'flags': {}}
{'name': 'lib/uchardet/mix.sh', 'flags': {}}
{'name': 'env/std/mix.sh', 'flags': {}}
{'name': 'env/tools/mix.sh', 'flags': {}}
{'name': 'env/compress/mix.sh', 'flags': {}}
{'name': 'gnu/file/mix.sh', 'flags': {}}
{'name': 'gnu/findutils/mix.sh', 'flags': {}}
{'name': 'lib/iconv/mix.sh', 'flags': {}}
{'name': 'gnu/sed/mix.sh', 'flags': {}}
{'name': 'lib/intl/mix.sh', 'flags': {}}
{'name': 'gnu/gawk/mix.sh', 'flags': {}}
{'name': 'lib/sigsegv/mix.sh', 'flags': {}}
{'name': 'boot/final/env/bison/mix.sh', 'flags': {}}
{'name': 'boot/stage/8/bison/376/stage1/mix.sh', 'flags': {}}
{'name': 'boot/stage/8/flex/mix.sh', 'flags': {}}
{'name': 'boot/stage/8/m4/mix.sh', 'flags': {}}
{'name': 'dev/lang/m4/mix.sh', 'flags': {}}
{'name': 'dev/build/make/mix.sh', 'flags': {}}
{'name': 'dev/build/help2man/mix.sh', 'flags': {}}
{'name': 'dev/lang/perl5/mix.sh', 'flags': {}}
{'name': 'lib/z/mix.sh', 'flags': {}}
{'name': 'lib/dlfcn/mix.sh', 'flags': {}}
{'name': 'gnu/gawk/mix.sh', 'flags': {}}
{'name': 'boot/stage/8/bison/376/stage1/mix.sh', 'flags': {}}
{'name': 'boot/stage/8/flex/mix.sh', 'flags': {}}
{'name': 'dev/lang/m4/mix.sh', 'flags': {}}
{'name': 'dev/build/help2man/mix.sh', 'flags': {}}
{'name': 'dev/lang/perl5/mix.sh', 'flags': {}}
{'name': 'lib/dlfcn/mix.sh', 'flags': {}}
{'name': 'gnu/gawk/mix.sh', 'flags': {}}
{'name': 'boot/stage/8/bison/376/stage1/mix.sh', 'flags': {}}
{'name': 'boot/stage/8/flex/mix.sh', 'flags': {}}
{'name': 'dev/lang/m4/mix.sh', 'flags': {}}
{'name': 'dev/build/help2man/mix.sh', 'flags': {}}
{'name': 'dev/lang/perl5/mix.sh', 'flags': {}}
{'name': 'lib/dlfcn/mix.sh', 'flags': {}}
{'name': 'gnu/gawk/mix.sh', 'flags': {}}
{'name': 'boot/stage/8/bison/376/stage1/mix.sh', 'flags': {}}
{'name': 'boot/stage/8/flex/mix.sh', 'flags': {}}
{'name': 'dev/lang/m4/mix.sh', 'flags': {}}
{'name': 'dev/build/help2man/mix.sh', 'flags': {}}
{'name': 'dev/lang/perl5/mix.sh', 'flags': {}}
{'name': 'lib/dlfcn/mix.sh', 'flags': {}}
{'name': 'gnu/gawk/mix.sh', 'flags': {}}
{'name': 'boot/stage/8/bison/376/stage1/mix.sh', 'flags': {}}
{'name': 'boot/stage/8/flex/mix.sh', 'flags': {}}
{'name': 'dev/lang/m4/mix.sh', 'flags': {}}
{'name': 'dev/build/help2man/mix.sh', 'flags': {}}
{'name': 'dev/lang/perl5/mix.sh', 'flags': {}}
{'name': 'lib/dlfcn/mix.sh', 'flags': {}}
{'name': 'gnu/gawk/mix.sh', 'flags': {}}
{'name': 'boot/stage/8/bison/376/stage1/mix.sh', 'flags': {}}
{'name': 'boot/stage/8/flex/mix.sh', 'flags': {}}
{'name': 'dev/lang/m4/mix.sh', 'flags': {}}
{'name': 'dev/build/help2man/mix.sh', 'flags': {}}
{'name': 'dev/lang/perl5/mix.sh', 'flags': {}}
{'name': 'lib/dlfcn/mix.sh', 'flags': {}}
{'name': 'gnu/gawk/mix.sh', 'flags': {}}
{'name': 'boot/stage/8/bison/376/stage1/mix.sh', 'flags': {}}
{'name': 'boot/stage/8/flex/mix.sh', 'flags': {}}
{'name': 'dev/lang/m4/mix.sh', 'flags': {}}
{'name': 'dev/build/help2man/mix.sh', 'flags': {}}
{'name': 'dev/lang/perl5/mix.sh', 'flags': {}}
{'name': 'lib/dlfcn/mix.sh', 'flags': {}}
{'name': 'gnu/gawk/mix.sh', 'flags': {}}
{'name': 'boot/stage/8/bison/376/stage1/mix.sh', 'flags': {}}
{'name': 'boot/stage/8/flex/mix.sh', 'flags': {}}
{'name': 'dev/lang/m4/mix.sh', 'flags': {}}
{'name': 'dev/build/help2man/mix.sh', 'flags': {}}
{'name': 'dev/lang/perl5/mix.sh', 'flags': {}}
{'name': 'lib/dlfcn/mix.sh', 'flags': {}}
{'name': 'gnu/gawk/mix.sh', 'flags': {}}
{'name': 'boot/stage/8/bison/376/stage1/mix.sh', 'flags': {}}
{'name': 'boot/stage/8/flex/mix.sh', 'flags': {}}
{'name': 'dev/lang/m4/mix.sh', 'flags': {}}
{'name': 'dev/build/help2man/mix.sh', 'flags': {}}
{'name': 'dev/lang/perl5/mix.sh', 'flags': {}}
{'name': 'lib/dlfcn/mix.sh', 'flags': {}}
{'name': 'gnu/gawk/mix.sh', 'flags': {}}
{'name': 'boot/stage/8/bison/376/stage1/mix.sh', 'flags': {}}
{'name': 'boot/stage/8/flex/mix.sh', 'flags': {}}
{'name': 'dev/lang/m4/mix.sh', 'flags': {}}
{'name': 'dev/build/help2man/mix.sh', 'flags': {}}
{'name': 'dev/lang/perl5/mix.sh', 'flags': {}}
{'name': 'lib/dlfcn/mix.sh', 'flags': {}}
Traceback (most recent call last):
  File "/home/pg/sources/mix/core/manager.py", line 37, in load_package
    return self._p[key]
KeyError: '41346bc01bbc65916b6d91297f43bac7'

During handling of the above exception, another exception occurred:

Traceback (most recent call last):
  File "/home/pg/sources/mix/core/manager.py", line 37, in load_package
    return self._p[key]
KeyError: 'e96abedd35bed6b0fc083df32a2d177d'

During handling of the above exception, another exception occurred:

Traceback (most recent call last):
  File "/home/pg/sources/mix/core/manager.py", line 37, in load_package
    return self._p[key]
KeyError: '8641aacbadc466113e7fa9a1e26bfda4'

During handling of the above exception, another exception occurred:

Traceback (most recent call last):
  File "/home/pg/sources/mix/core/manager.py", line 37, in load_package
    return self._p[key]
KeyError: '4c1d1cf5ce3dfb73c513d9a5d66a3bc0'

During handling of the above exception, another exception occurred:

Traceback (most recent call last):
  File "/home/pg/sources/mix/core/manager.py", line 37, in load_package
    return self._p[key]
KeyError: '8ac492a9dbfda8e8021c68414c20d757'

During handling of the above exception, another exception occurred:

Traceback (most recent call last):
  File "/home/pg/sources/mix/core/manager.py", line 37, in load_package
    return self._p[key]
KeyError: 'a0db9ec6d947d64864b71d187009d464'

During handling of the above exception, another exception occurred:

Traceback (most recent call last):
  File "/home/pg/sources/mix/core/manager.py", line 37, in load_package
    return self._p[key]
KeyError: '3abe93a469845e5558ef5a1b73d1ae43'

During handling of the above exception, another exception occurred:

Traceback (most recent call last):
  File "/home/pg/sources/mix/core/manager.py", line 37, in load_package
    return self._p[key]
KeyError: '5cad4496bdca2f6e1285a1bcbd77e750'

During handling of the above exception, another exception occurred:

Traceback (most recent call last):
  File "/home/pg/sources/mix/core/manager.py", line 37, in load_package
    return self._p[key]
KeyError: 'a85ede007d5dd774f52317ea536a2864'

During handling of the above exception, another exception occurred:

Traceback (most recent call last):
  File "/home/pg/sources/mix/core/manager.py", line 37, in load_package
    return self._p[key]
KeyError: '5c2e6b93b346dc5a2389f770dd964814'

During handling of the above exception, another exception occurred:

Traceback (most recent call last):
  File "/home/pg/sources/mix/core/manager.py", line 37, in load_package
    return self._p[key]
KeyError: '4c1d1cf5ce3dfb73c513d9a5d66a3bc0'

During handling of the above exception, another exception occurred:

Traceback (most recent call last):
  File "/home/pg/sources/mix/core/manager.py", line 37, in load_package
    return self._p[key]
KeyError: '8ac492a9dbfda8e8021c68414c20d757'

During handling of the above exception, another exception occurred:

Traceback (most recent call last):
  File "/home/pg/sources/mix/core/manager.py", line 37, in load_package
    return self._p[key]
KeyError: 'a0db9ec6d947d64864b71d187009d464'

During handling of the above exception, another exception occurred:

Traceback (most recent call last):
  File "/home/pg/sources/mix/core/manager.py", line 37, in load_package
    return self._p[key]
KeyError: '3abe93a469845e5558ef5a1b73d1ae43'

During handling of the above exception, another exception occurred:

Traceback (most recent call last):
  File "/home/pg/sources/mix/core/manager.py", line 37, in load_package
    return self._p[key]
KeyError: '5cad4496bdca2f6e1285a1bcbd77e750'

During handling of the above exception, another exception occurred:

Traceback (most recent call last):
  File "/home/pg/sources/mix/core/manager.py", line 37, in load_package
    return self._p[key]
KeyError: 'a85ede007d5dd774f52317ea536a2864'

During handling of the above exception, another exception occurred:

Traceback (most recent call last):
  File "/home/pg/sources/mix/core/manager.py", line 37, in load_package
    return self._p[key]
KeyError: '5c2e6b93b346dc5a2389f770dd964814'

During handling of the above exception, another exception occurred:

Traceback (most recent call last):
  File "/home/pg/sources/mix/core/manager.py", line 37, in load_package
    return self._p[key]
KeyError: '4c1d1cf5ce3dfb73c513d9a5d66a3bc0'

During handling of the above exception, another exception occurred:

Traceback (most recent call last):
  File "/home/pg/sources/mix/core/manager.py", line 37, in load_package
    return self._p[key]
KeyError: '8ac492a9dbfda8e8021c68414c20d757'

During handling of the above exception, another exception occurred:

Traceback (most recent call last):
  File "/home/pg/sources/mix/core/manager.py", line 37, in load_package
    return self._p[key]
KeyError: 'a0db9ec6d947d64864b71d187009d464'

During handling of the above exception, another exception occurred:

Traceback (most recent call last):
  File "/home/pg/sources/mix/core/manager.py", line 37, in load_package
    return self._p[key]
KeyError: '3abe93a469845e5558ef5a1b73d1ae43'

During handling of the above exception, another exception occurred:

Traceback (most recent call last):
  File "/home/pg/sources/mix/core/manager.py", line 37, in load_package
    return self._p[key]
KeyError: '5cad4496bdca2f6e1285a1bcbd77e750'

During handling of the above exception, another exception occurred:

Traceback (most recent call last):
  File "/home/pg/sources/mix/core/manager.py", line 37, in load_package
    return self._p[key]
KeyError: 'a85ede007d5dd774f52317ea536a2864'

During handling of the above exception, another exception occurred:

Traceback (most recent call last):
  File "/home/pg/sources/mix/core/manager.py", line 37, in load_package
    return self._p[key]
KeyError: '5c2e6b93b346dc5a2389f770dd964814'

During handling of the above exception, another exception occurred:

Traceback (most recent call last):
  File "/home/pg/sources/mix/core/manager.py", line 37, in load_package
    return self._p[key]
KeyError: '4c1d1cf5ce3dfb73c513d9a5d66a3bc0'

During handling of the above exception, another exception occurred:

Traceback (most recent call last):
  File "/home/pg/sources/mix/core/manager.py", line 37, in load_package
    return self._p[key]
KeyError: '8ac492a9dbfda8e8021c68414c20d757'

During handling of the above exception, another exception occurred:

Traceback (most recent call last):
  File "/home/pg/sources/mix/core/manager.py", line 37, in load_package
    return self._p[key]
KeyError: 'a0db9ec6d947d64864b71d187009d464'

During handling of the above exception, another exception occurred:

Traceback (most recent call last):
  File "/home/pg/sources/mix/core/manager.py", line 37, in load_package
    return self._p[key]
KeyError: '3abe93a469845e5558ef5a1b73d1ae43'

During handling of the above exception, another exception occurred:

Traceback (most recent call last):
  File "/home/pg/sources/mix/core/manager.py", line 37, in load_package
    return self._p[key]
KeyError: '5cad4496bdca2f6e1285a1bcbd77e750'

During handling of the above exception, another exception occurred:

Traceback (most recent call last):
  File "/home/pg/sources/mix/core/manager.py", line 37, in load_package
    return self._p[key]
KeyError: 'a85ede007d5dd774f52317ea536a2864'

During handling of the above exception, another exception occurred:

Traceback (most recent call last):
  File "/home/pg/sources/mix/core/manager.py", line 37, in load_package
    return self._p[key]
KeyError: '5c2e6b93b346dc5a2389f770dd964814'

During handling of the above exception, another exception occurred:

Traceback (most recent call last):
  File "/home/pg/sources/mix/core/manager.py", line 37, in load_package
    return self._p[key]
KeyError: '4c1d1cf5ce3dfb73c513d9a5d66a3bc0'

During handling of the above exception, another exception occurred:

Traceback (most recent call last):
  File "/home/pg/sources/mix/core/manager.py", line 37, in load_package
    return self._p[key]
KeyError: '8ac492a9dbfda8e8021c68414c20d757'

During handling of the above exception, another exception occurred:

Traceback (most recent call last):
  File "/home/pg/sources/mix/core/manager.py", line 37, in load_package
    return self._p[key]
KeyError: 'a0db9ec6d947d64864b71d187009d464'

During handling of the above exception, another exception occurred:

Traceback (most recent call last):
  File "/home/pg/sources/mix/core/manager.py", line 37, in load_package
    return self._p[key]
KeyError: '3abe93a469845e5558ef5a1b73d1ae43'

During handling of the above exception, another exception occurred:

Traceback (most recent call last):
  File "/home/pg/sources/mix/core/manager.py", line 37, in load_package
    return self._p[key]
KeyError: '5cad4496bdca2f6e1285a1bcbd77e750'

During handling of the above exception, another exception occurred:

Traceback (most recent call last):
  File "/home/pg/sources/mix/core/manager.py", line 37, in load_package
    return self._p[key]
KeyError: 'a85ede007d5dd774f52317ea536a2864'

During handling of the above exception, another exception occurred:

Traceback (most recent call last):
  File "/home/pg/sources/mix/core/manager.py", line 37, in load_package
    return self._p[key]
KeyError: '5c2e6b93b346dc5a2389f770dd964814'

During handling of the above exception, another exception occurred:

Traceback (most recent call last):
  File "/home/pg/sources/mix/core/manager.py", line 37, in load_package
    return self._p[key]
KeyError: '4c1d1cf5ce3dfb73c513d9a5d66a3bc0'

During handling of the above exception, another exception occurred:

Traceback (most recent call last):
  File "/home/pg/sources/mix/core/manager.py", line 37, in load_package
    return self._p[key]
KeyError: '8ac492a9dbfda8e8021c68414c20d757'

During handling of the above exception, another exception occurred:

Traceback (most recent call last):
  File "/home/pg/sources/mix/core/manager.py", line 37, in load_package
    return self._p[key]
KeyError: 'a0db9ec6d947d64864b71d187009d464'

During handling of the above exception, another exception occurred:

Traceback (most recent call last):
  File "/home/pg/sources/mix/core/manager.py", line 37, in load_package
    return self._p[key]
KeyError: '3abe93a469845e5558ef5a1b73d1ae43'

During handling of the above exception, another exception occurred:

Traceback (most recent call last):
  File "/home/pg/sources/mix/core/manager.py", line 37, in load_package
    return self._p[key]
KeyError: '5cad4496bdca2f6e1285a1bcbd77e750'

During handling of the above exception, another exception occurred:

Traceback (most recent call last):
  File "/home/pg/sources/mix/core/manager.py", line 37, in load_package
    return self._p[key]
KeyError: 'a85ede007d5dd774f52317ea536a2864'

During handling of the above exception, another exception occurred:

Traceback (most recent call last):
  File "/home/pg/sources/mix/core/manager.py", line 37, in load_package
    return self._p[key]
KeyError: '5c2e6b93b346dc5a2389f770dd964814'

During handling of the above exception, another exception occurred:

Traceback (most recent call last):
  File "/home/pg/sources/mix/core/manager.py", line 37, in load_package
    return self._p[key]
KeyError: '4c1d1cf5ce3dfb73c513d9a5d66a3bc0'

During handling of the above exception, another exception occurred:

Traceback (most recent call last):
  File "/home/pg/sources/mix/core/manager.py", line 37, in load_package
    return self._p[key]
KeyError: '8ac492a9dbfda8e8021c68414c20d757'

During handling of the above exception, another exception occurred:

Traceback (most recent call last):
  File "/home/pg/sources/mix/core/manager.py", line 37, in load_package
    return self._p[key]
KeyError: 'a0db9ec6d947d64864b71d187009d464'

During handling of the above exception, another exception occurred:

Traceback (most recent call last):
  File "/home/pg/sources/mix/core/manager.py", line 37, in load_package
    return self._p[key]
KeyError: '3abe93a469845e5558ef5a1b73d1ae43'

During handling of the above exception, another exception occurred:

Traceback (most recent call last):
  File "/home/pg/sources/mix/core/manager.py", line 37, in load_package
    return self._p[key]
KeyError: '5cad4496bdca2f6e1285a1bcbd77e750'

During handling of the above exception, another exception occurred:

Traceback (most recent call last):
  File "/home/pg/sources/mix/core/manager.py", line 37, in load_package
    return self._p[key]
KeyError: 'a85ede007d5dd774f52317ea536a2864'

During handling of the above exception, another exception occurred:

Traceback (most recent call last):
  File "/home/pg/sources/mix/core/manager.py", line 37, in load_package
    return self._p[key]
KeyError: '5c2e6b93b346dc5a2389f770dd964814'

During handling of the above exception, another exception occurred:

Traceback (most recent call last):
  File "/home/pg/sources/mix/core/manager.py", line 37, in load_package
    return self._p[key]
KeyError: '4c1d1cf5ce3dfb73c513d9a5d66a3bc0'

During handling of the above exception, another exception occurred:

Traceback (most recent call last):
  File "/home/pg/sources/mix/core/manager.py", line 37, in load_package
    return self._p[key]
KeyError: '8ac492a9dbfda8e8021c68414c20d757'

During handling of the above exception, another exception occurred:

Traceback (most recent call last):
  File "/home/pg/sources/mix/core/manager.py", line 37, in load_package
    return self._p[key]
KeyError: 'a0db9ec6d947d64864b71d187009d464'

During handling of the above exception, another exception occurred:

Traceback (most recent call last):
  File "/home/pg/sources/mix/core/manager.py", line 37, in load_package
    return self._p[key]
KeyError: '3abe93a469845e5558ef5a1b73d1ae43'

During handling of the above exception, another exception occurred:

Traceback (most recent call last):
  File "/home/pg/sources/mix/core/manager.py", line 37, in load_package
    return self._p[key]
KeyError: '5cad4496bdca2f6e1285a1bcbd77e750'

During handling of the above exception, another exception occurred:

Traceback (most recent call last):
  File "/home/pg/sources/mix/core/manager.py", line 37, in load_package
    return self._p[key]
KeyError: 'a85ede007d5dd774f52317ea536a2864'

During handling of the above exception, another exception occurred:

Traceback (most recent call last):
  File "/home/pg/sources/mix/core/manager.py", line 37, in load_package
    return self._p[key]
KeyError: '5c2e6b93b346dc5a2389f770dd964814'

During handling of the above exception, another exception occurred:

Traceback (most recent call last):
  File "/home/pg/sources/mix/core/manager.py", line 37, in load_package
    return self._p[key]
KeyError: '4c1d1cf5ce3dfb73c513d9a5d66a3bc0'

During handling of the above exception, another exception occurred:

Traceback (most recent call last):
  File "/home/pg/sources/mix/core/manager.py", line 37, in load_package
    return self._p[key]
KeyError: '8ac492a9dbfda8e8021c68414c20d757'

During handling of the above exception, another exception occurred:

Traceback (most recent call last):
  File "/home/pg/sources/mix/core/manager.py", line 37, in load_package
    return self._p[key]
KeyError: 'a0db9ec6d947d64864b71d187009d464'

During handling of the above exception, another exception occurred:

Traceback (most recent call last):
  File "/home/pg/sources/mix/core/manager.py", line 37, in load_package
    return self._p[key]
KeyError: '3abe93a469845e5558ef5a1b73d1ae43'

During handling of the above exception, another exception occurred:

Traceback (most recent call last):
  File "/home/pg/sources/mix/core/manager.py", line 37, in load_package
    return self._p[key]
KeyError: '5cad4496bdca2f6e1285a1bcbd77e750'

During handling of the above exception, another exception occurred:

Traceback (most recent call last):
  File "/home/pg/sources/mix/core/manager.py", line 37, in load_package
    return self._p[key]
KeyError: 'a85ede007d5dd774f52317ea536a2864'

During handling of the above exception, another exception occurred:

Traceback (most recent call last):
  File "/home/pg/sources/mix/core/manager.py", line 37, in load_package
    return self._p[key]
KeyError: '5c2e6b93b346dc5a2389f770dd964814'

During handling of the above exception, another exception occurred:

Traceback (most recent call last):
  File "/home/pg/sources/mix/core/manager.py", line 37, in load_package
    return self._p[key]
KeyError: '4c1d1cf5ce3dfb73c513d9a5d66a3bc0'

During handling of the above exception, another exception occurred:

Traceback (most recent call last):
  File "/home/pg/sources/mix/core/manager.py", line 37, in load_package
    return self._p[key]
KeyError: '8ac492a9dbfda8e8021c68414c20d757'

During handling of the above exception, another exception occurred:

Traceback (most recent call last):
  File "/home/pg/sources/mix/core/manager.py", line 37, in load_package
    return self._p[key]
KeyError: 'a0db9ec6d947d64864b71d187009d464'

During handling of the above exception, another exception occurred:

Traceback (most recent call last):
  File "/home/pg/sources/mix/core/manager.py", line 37, in load_package
    return self._p[key]
KeyError: '3abe93a469845e5558ef5a1b73d1ae43'

During handling of the above exception, another exception occurred:

Traceback (most recent call last):
  File "/home/pg/sources/mix/core/manager.py", line 37, in load_package
    return self._p[key]
KeyError: '5cad4496bdca2f6e1285a1bcbd77e750'

During handling of the above exception, another exception occurred:

Traceback (most recent call last):
  File "/home/pg/sources/mix/core/manager.py", line 37, in load_package
    return self._p[key]
KeyError: 'a85ede007d5dd774f52317ea536a2864'

During handling of the above exception, another exception occurred:

Traceback (most recent call last):
  File "/home/pg/sources/mix/core/manager.py", line 37, in load_package
    return self._p[key]
KeyError: '5c2e6b93b346dc5a2389f770dd964814'

During handling of the above exception, another exception occurred:

Traceback (most recent call last):
  File "/home/pg/sources/mix/./mix", line 29, in <module>
    sys.exit(cm.main(sys.argv, os.path.normpath(os.path.abspath(__file__))))
  File "/home/pg/sources/mix/core/main.py", line 80, in main
    main_func(argv[1:], mix)
  File "/home/pg/sources/mix/core/main.py", line 75, in main_func
    run()
  File "/home/pg/sources/mix/core/main.py", line 72, in run
    importlib.import_module(k).__dict__['cli_' + v](ctx)
  File "/home/pg/sources/mix/core/build_cmd.py", line 8, in cli_build
    cm.Manager(config).build_packages(pkgs)
  File "/home/pg/sources/mix/core/manager.py", line 84, in build_packages
    ce.execute(self.build_graph(pkgs))
  File "/home/pg/sources/mix/core/manager.py", line 66, in build_graph
    'nodes': list(self.iter_build_commands(selectors)),
  File "/home/pg/sources/mix/core/manager.py", line 61, in iter_build_commands
    for pkg in self.iter_packages(selectors):
  File "/home/pg/sources/mix/core/manager.py", line 49, in iter_packages
    yield self.load_package(d)
  File "/home/pg/sources/mix/core/manager.py", line 40, in load_package
    self._p[key] = cp.Package(selector, self)
  File "/home/pg/sources/mix/core/package.py", line 48, in __init__
    'deps': [x.out_dir for x in self.iter_all_build_depends()],
  File "/home/pg/sources/mix/core/package.py", line 48, in <listcomp>
    'deps': [x.out_dir for x in self.iter_all_build_depends()],
  File "/home/pg/sources/mix/core/package.py", line 109, in iter_all_build_depends
    for d in self.all_build_depends():
  File "/home/pg/sources/mix/core/utils.py", line 62, in wrapper
    self.__dict__[key] = m(self)
  File "/home/pg/sources/mix/core/package.py", line 106, in all_build_depends
    return cu.uniq_list(self.filter_buildable(iter_deps()))
  File "/home/pg/sources/mix/core/utils.py", line 34, in uniq_list
    return list(iter_uniq_list(lst))
  File "/home/pg/sources/mix/core/utils.py", line 24, in iter_uniq_list
    for l in lst:
  File "/home/pg/sources/mix/core/package.py", line 75, in filter_buildable
    if self.load_package(n).buildable():
  File "/home/pg/sources/mix/core/package.py", line 66, in load_package
    return self.manager.load_package(selector)
  File "/home/pg/sources/mix/core/manager.py", line 40, in load_package
    self._p[key] = cp.Package(selector, self)
  File "/home/pg/sources/mix/core/package.py", line 48, in __init__
    'deps': [x.out_dir for x in self.iter_all_build_depends()],
  File "/home/pg/sources/mix/core/package.py", line 48, in <listcomp>
    'deps': [x.out_dir for x in self.iter_all_build_depends()],
  File "/home/pg/sources/mix/core/package.py", line 109, in iter_all_build_depends
    for d in self.all_build_depends():
  File "/home/pg/sources/mix/core/utils.py", line 62, in wrapper
    self.__dict__[key] = m(self)
  File "/home/pg/sources/mix/core/package.py", line 106, in all_build_depends
    return cu.uniq_list(self.filter_buildable(iter_deps()))
  File "/home/pg/sources/mix/core/utils.py", line 34, in uniq_list
    return list(iter_uniq_list(lst))
  File "/home/pg/sources/mix/core/utils.py", line 24, in iter_uniq_list
    for l in lst:
  File "/home/pg/sources/mix/core/package.py", line 75, in filter_buildable
    if self.load_package(n).buildable():
  File "/home/pg/sources/mix/core/package.py", line 66, in load_package
    return self.manager.load_package(selector)
  File "/home/pg/sources/mix/core/manager.py", line 40, in load_package
    self._p[key] = cp.Package(selector, self)
  File "/home/pg/sources/mix/core/package.py", line 48, in __init__
    'deps': [x.out_dir for x in self.iter_all_build_depends()],
  File "/home/pg/sources/mix/core/package.py", line 48, in <listcomp>
    'deps': [x.out_dir for x in self.iter_all_build_depends()],
  File "/home/pg/sources/mix/core/package.py", line 109, in iter_all_build_depends
    for d in self.all_build_depends():
  File "/home/pg/sources/mix/core/utils.py", line 62, in wrapper
    self.__dict__[key] = m(self)
  File "/home/pg/sources/mix/core/package.py", line 106, in all_build_depends
    return cu.uniq_list(self.filter_buildable(iter_deps()))
  File "/home/pg/sources/mix/core/utils.py", line 34, in uniq_list
    return list(iter_uniq_list(lst))
  File "/home/pg/sources/mix/core/utils.py", line 24, in iter_uniq_list
    for l in lst:
  File "/home/pg/sources/mix/core/package.py", line 74, in filter_buildable
    for n in it:
  File "/home/pg/sources/mix/core/package.py", line 104, in iter_deps
    yield from self.load_package(d).all_runtime_depends()
  File "/home/pg/sources/mix/core/utils.py", line 62, in wrapper
    self.__dict__[key] = m(self)
  File "/home/pg/sources/mix/core/package.py", line 124, in all_runtime_depends
    return cu.uniq_list(self.filter_buildable(iter_deps()))
  File "/home/pg/sources/mix/core/utils.py", line 34, in uniq_list
    return list(iter_uniq_list(lst))
  File "/home/pg/sources/mix/core/utils.py", line 24, in iter_uniq_list
    for l in lst:
  File "/home/pg/sources/mix/core/package.py", line 74, in filter_buildable
    for n in it:
  File "/home/pg/sources/mix/core/package.py", line 122, in iter_deps
    yield from self.load_package(d).all_runtime_depends()
  File "/home/pg/sources/mix/core/utils.py", line 62, in wrapper
    self.__dict__[key] = m(self)
  File "/home/pg/sources/mix/core/package.py", line 124, in all_runtime_depends
    return cu.uniq_list(self.filter_buildable(iter_deps()))
  File "/home/pg/sources/mix/core/utils.py", line 34, in uniq_list
    return list(iter_uniq_list(lst))
  File "/home/pg/sources/mix/core/utils.py", line 24, in iter_uniq_list
    for l in lst:
  File "/home/pg/sources/mix/core/package.py", line 75, in filter_buildable
    if self.load_package(n).buildable():
  File "/home/pg/sources/mix/core/package.py", line 66, in load_package
    return self.manager.load_package(selector)
  File "/home/pg/sources/mix/core/manager.py", line 40, in load_package
    self._p[key] = cp.Package(selector, self)
  File "/home/pg/sources/mix/core/package.py", line 48, in __init__
    'deps': [x.out_dir for x in self.iter_all_build_depends()],
  File "/home/pg/sources/mix/core/package.py", line 48, in <listcomp>
    'deps': [x.out_dir for x in self.iter_all_build_depends()],
  File "/home/pg/sources/mix/core/package.py", line 109, in iter_all_build_depends
    for d in self.all_build_depends():
  File "/home/pg/sources/mix/core/utils.py", line 62, in wrapper
    self.__dict__[key] = m(self)
  File "/home/pg/sources/mix/core/package.py", line 106, in all_build_depends
    return cu.uniq_list(self.filter_buildable(iter_deps()))
  File "/home/pg/sources/mix/core/utils.py", line 34, in uniq_list
    return list(iter_uniq_list(lst))
  File "/home/pg/sources/mix/core/utils.py", line 24, in iter_uniq_list
    for l in lst:
  File "/home/pg/sources/mix/core/package.py", line 74, in filter_buildable
    for n in it:
  File "/home/pg/sources/mix/core/package.py", line 104, in iter_deps
    yield from self.load_package(d).all_runtime_depends()
  File "/home/pg/sources/mix/core/utils.py", line 62, in wrapper
    self.__dict__[key] = m(self)
  File "/home/pg/sources/mix/core/package.py", line 124, in all_runtime_depends
    return cu.uniq_list(self.filter_buildable(iter_deps()))
  File "/home/pg/sources/mix/core/utils.py", line 34, in uniq_list
    return list(iter_uniq_list(lst))
  File "/home/pg/sources/mix/core/utils.py", line 24, in iter_uniq_list
    for l in lst:
  File "/home/pg/sources/mix/core/package.py", line 75, in filter_buildable
    if self.load_package(n).buildable():
  File "/home/pg/sources/mix/core/package.py", line 66, in load_package
    return self.manager.load_package(selector)
  File "/home/pg/sources/mix/core/manager.py", line 40, in load_package
    self._p[key] = cp.Package(selector, self)
  File "/home/pg/sources/mix/core/package.py", line 48, in __init__
    'deps': [x.out_dir for x in self.iter_all_build_depends()],
  File "/home/pg/sources/mix/core/package.py", line 48, in <listcomp>
    'deps': [x.out_dir for x in self.iter_all_build_depends()],
  File "/home/pg/sources/mix/core/package.py", line 109, in iter_all_build_depends
    for d in self.all_build_depends():
  File "/home/pg/sources/mix/core/utils.py", line 62, in wrapper
    self.__dict__[key] = m(self)
  File "/home/pg/sources/mix/core/package.py", line 106, in all_build_depends
    return cu.uniq_list(self.filter_buildable(iter_deps()))
  File "/home/pg/sources/mix/core/utils.py", line 34, in uniq_list
    return list(iter_uniq_list(lst))
  File "/home/pg/sources/mix/core/utils.py", line 24, in iter_uniq_list
    for l in lst:
  File "/home/pg/sources/mix/core/package.py", line 75, in filter_buildable
    if self.load_package(n).buildable():
  File "/home/pg/sources/mix/core/package.py", line 66, in load_package
    return self.manager.load_package(selector)
  File "/home/pg/sources/mix/core/manager.py", line 40, in load_package
    self._p[key] = cp.Package(selector, self)
  File "/home/pg/sources/mix/core/package.py", line 48, in __init__
    'deps': [x.out_dir for x in self.iter_all_build_depends()],
  File "/home/pg/sources/mix/core/package.py", line 48, in <listcomp>
    'deps': [x.out_dir for x in self.iter_all_build_depends()],
  File "/home/pg/sources/mix/core/package.py", line 109, in iter_all_build_depends
    for d in self.all_build_depends():
  File "/home/pg/sources/mix/core/utils.py", line 62, in wrapper
    self.__dict__[key] = m(self)
  File "/home/pg/sources/mix/core/package.py", line 106, in all_build_depends
    return cu.uniq_list(self.filter_buildable(iter_deps()))
  File "/home/pg/sources/mix/core/utils.py", line 34, in uniq_list
    return list(iter_uniq_list(lst))
  File "/home/pg/sources/mix/core/utils.py", line 24, in iter_uniq_list
    for l in lst:
  File "/home/pg/sources/mix/core/package.py", line 75, in filter_buildable
    if self.load_package(n).buildable():
  File "/home/pg/sources/mix/core/package.py", line 66, in load_package
    return self.manager.load_package(selector)
  File "/home/pg/sources/mix/core/manager.py", line 40, in load_package
    self._p[key] = cp.Package(selector, self)
  File "/home/pg/sources/mix/core/package.py", line 48, in __init__
    'deps': [x.out_dir for x in self.iter_all_build_depends()],
  File "/home/pg/sources/mix/core/package.py", line 48, in <listcomp>
    'deps': [x.out_dir for x in self.iter_all_build_depends()],
  File "/home/pg/sources/mix/core/package.py", line 109, in iter_all_build_depends
    for d in self.all_build_depends():
  File "/home/pg/sources/mix/core/utils.py", line 62, in wrapper
    self.__dict__[key] = m(self)
  File "/home/pg/sources/mix/core/package.py", line 106, in all_build_depends
    return cu.uniq_list(self.filter_buildable(iter_deps()))
  File "/home/pg/sources/mix/core/utils.py", line 34, in uniq_list
    return list(iter_uniq_list(lst))
  File "/home/pg/sources/mix/core/utils.py", line 24, in iter_uniq_list
    for l in lst:
  File "/home/pg/sources/mix/core/package.py", line 75, in filter_buildable
    if self.load_package(n).buildable():
  File "/home/pg/sources/mix/core/package.py", line 66, in load_package
    return self.manager.load_package(selector)
  File "/home/pg/sources/mix/core/manager.py", line 40, in load_package
    self._p[key] = cp.Package(selector, self)
  File "/home/pg/sources/mix/core/package.py", line 48, in __init__
    'deps': [x.out_dir for x in self.iter_all_build_depends()],
  File "/home/pg/sources/mix/core/package.py", line 48, in <listcomp>
    'deps': [x.out_dir for x in self.iter_all_build_depends()],
  File "/home/pg/sources/mix/core/package.py", line 109, in iter_all_build_depends
    for d in self.all_build_depends():
  File "/home/pg/sources/mix/core/utils.py", line 62, in wrapper
    self.__dict__[key] = m(self)
  File "/home/pg/sources/mix/core/package.py", line 106, in all_build_depends
    return cu.uniq_list(self.filter_buildable(iter_deps()))
  File "/home/pg/sources/mix/core/utils.py", line 34, in uniq_list
    return list(iter_uniq_list(lst))
  File "/home/pg/sources/mix/core/utils.py", line 24, in iter_uniq_list
    for l in lst:
  File "/home/pg/sources/mix/core/package.py", line 75, in filter_buildable
    if self.load_package(n).buildable():
  File "/home/pg/sources/mix/core/package.py", line 66, in load_package
    return self.manager.load_package(selector)
  File "/home/pg/sources/mix/core/manager.py", line 40, in load_package
    self._p[key] = cp.Package(selector, self)
  File "/home/pg/sources/mix/core/package.py", line 48, in __init__
    'deps': [x.out_dir for x in self.iter_all_build_depends()],
  File "/home/pg/sources/mix/core/package.py", line 48, in <listcomp>
    'deps': [x.out_dir for x in self.iter_all_build_depends()],
  File "/home/pg/sources/mix/core/package.py", line 109, in iter_all_build_depends
    for d in self.all_build_depends():
  File "/home/pg/sources/mix/core/utils.py", line 62, in wrapper
    self.__dict__[key] = m(self)
  File "/home/pg/sources/mix/core/package.py", line 106, in all_build_depends
    return cu.uniq_list(self.filter_buildable(iter_deps()))
  File "/home/pg/sources/mix/core/utils.py", line 34, in uniq_list
    return list(iter_uniq_list(lst))
  File "/home/pg/sources/mix/core/utils.py", line 24, in iter_uniq_list
    for l in lst:
  File "/home/pg/sources/mix/core/package.py", line 75, in filter_buildable
    if self.load_package(n).buildable():
  File "/home/pg/sources/mix/core/package.py", line 66, in load_package
    return self.manager.load_package(selector)
  File "/home/pg/sources/mix/core/manager.py", line 40, in load_package
    self._p[key] = cp.Package(selector, self)
  File "/home/pg/sources/mix/core/package.py", line 48, in __init__
    'deps': [x.out_dir for x in self.iter_all_build_depends()],
  File "/home/pg/sources/mix/core/package.py", line 48, in <listcomp>
    'deps': [x.out_dir for x in self.iter_all_build_depends()],
  File "/home/pg/sources/mix/core/package.py", line 109, in iter_all_build_depends
    for d in self.all_build_depends():
  File "/home/pg/sources/mix/core/utils.py", line 62, in wrapper
    self.__dict__[key] = m(self)
  File "/home/pg/sources/mix/core/package.py", line 106, in all_build_depends
    return cu.uniq_list(self.filter_buildable(iter_deps()))
  File "/home/pg/sources/mix/core/utils.py", line 34, in uniq_list
    return list(iter_uniq_list(lst))
  File "/home/pg/sources/mix/core/utils.py", line 24, in iter_uniq_list
    for l in lst:
  File "/home/pg/sources/mix/core/package.py", line 74, in filter_buildable
    for n in it:
  File "/home/pg/sources/mix/core/package.py", line 104, in iter_deps
    yield from self.load_package(d).all_runtime_depends()
  File "/home/pg/sources/mix/core/utils.py", line 62, in wrapper
    self.__dict__[key] = m(self)
  File "/home/pg/sources/mix/core/package.py", line 124, in all_runtime_depends
    return cu.uniq_list(self.filter_buildable(iter_deps()))
  File "/home/pg/sources/mix/core/utils.py", line 34, in uniq_list
    return list(iter_uniq_list(lst))
  File "/home/pg/sources/mix/core/utils.py", line 24, in iter_uniq_list
    for l in lst:
  File "/home/pg/sources/mix/core/package.py", line 74, in filter_buildable
    for n in it:
  File "/home/pg/sources/mix/core/package.py", line 122, in iter_deps
    yield from self.load_package(d).all_runtime_depends()
  File "/home/pg/sources/mix/core/utils.py", line 62, in wrapper
    self.__dict__[key] = m(self)
  File "/home/pg/sources/mix/core/package.py", line 124, in all_runtime_depends
    return cu.uniq_list(self.filter_buildable(iter_deps()))
  File "/home/pg/sources/mix/core/utils.py", line 34, in uniq_list
    return list(iter_uniq_list(lst))
  File "/home/pg/sources/mix/core/utils.py", line 24, in iter_uniq_list
    for l in lst:
  File "/home/pg/sources/mix/core/package.py", line 75, in filter_buildable
    if self.load_package(n).buildable():
  File "/home/pg/sources/mix/core/package.py", line 66, in load_package
    return self.manager.load_package(selector)
  File "/home/pg/sources/mix/core/manager.py", line 40, in load_package
    self._p[key] = cp.Package(selector, self)
  File "/home/pg/sources/mix/core/package.py", line 48, in __init__
    'deps': [x.out_dir for x in self.iter_all_build_depends()],
  File "/home/pg/sources/mix/core/package.py", line 48, in <listcomp>
    'deps': [x.out_dir for x in self.iter_all_build_depends()],
  File "/home/pg/sources/mix/core/package.py", line 109, in iter_all_build_depends
    for d in self.all_build_depends():
  File "/home/pg/sources/mix/core/utils.py", line 62, in wrapper
    self.__dict__[key] = m(self)
  File "/home/pg/sources/mix/core/package.py", line 106, in all_build_depends
    return cu.uniq_list(self.filter_buildable(iter_deps()))
  File "/home/pg/sources/mix/core/utils.py", line 34, in uniq_list
    return list(iter_uniq_list(lst))
  File "/home/pg/sources/mix/core/utils.py", line 24, in iter_uniq_list
    for l in lst:
  File "/home/pg/sources/mix/core/package.py", line 74, in filter_buildable
    for n in it:
  File "/home/pg/sources/mix/core/package.py", line 104, in iter_deps
    yield from self.load_package(d).all_runtime_depends()
  File "/home/pg/sources/mix/core/utils.py", line 62, in wrapper
    self.__dict__[key] = m(self)
  File "/home/pg/sources/mix/core/package.py", line 124, in all_runtime_depends
    return cu.uniq_list(self.filter_buildable(iter_deps()))
  File "/home/pg/sources/mix/core/utils.py", line 34, in uniq_list
    return list(iter_uniq_list(lst))
  File "/home/pg/sources/mix/core/utils.py", line 24, in iter_uniq_list
    for l in lst:
  File "/home/pg/sources/mix/core/package.py", line 75, in filter_buildable
    if self.load_package(n).buildable():
  File "/home/pg/sources/mix/core/package.py", line 66, in load_package
    return self.manager.load_package(selector)
  File "/home/pg/sources/mix/core/manager.py", line 40, in load_package
    self._p[key] = cp.Package(selector, self)
  File "/home/pg/sources/mix/core/package.py", line 48, in __init__
    'deps': [x.out_dir for x in self.iter_all_build_depends()],
  File "/home/pg/sources/mix/core/package.py", line 48, in <listcomp>
    'deps': [x.out_dir for x in self.iter_all_build_depends()],
  File "/home/pg/sources/mix/core/package.py", line 109, in iter_all_build_depends
    for d in self.all_build_depends():
  File "/home/pg/sources/mix/core/utils.py", line 62, in wrapper
    self.__dict__[key] = m(self)
  File "/home/pg/sources/mix/core/package.py", line 106, in all_build_depends
    return cu.uniq_list(self.filter_buildable(iter_deps()))
  File "/home/pg/sources/mix/core/utils.py", line 34, in uniq_list
    return list(iter_uniq_list(lst))
  File "/home/pg/sources/mix/core/utils.py", line 24, in iter_uniq_list
    for l in lst:
  File "/home/pg/sources/mix/core/package.py", line 75, in filter_buildable
    if self.load_package(n).buildable():
  File "/home/pg/sources/mix/core/package.py", line 66, in load_package
    return self.manager.load_package(selector)
  File "/home/pg/sources/mix/core/manager.py", line 40, in load_package
    self._p[key] = cp.Package(selector, self)
  File "/home/pg/sources/mix/core/package.py", line 48, in __init__
    'deps': [x.out_dir for x in self.iter_all_build_depends()],
  File "/home/pg/sources/mix/core/package.py", line 48, in <listcomp>
    'deps': [x.out_dir for x in self.iter_all_build_depends()],
  File "/home/pg/sources/mix/core/package.py", line 109, in iter_all_build_depends
    for d in self.all_build_depends():
  File "/home/pg/sources/mix/core/utils.py", line 62, in wrapper
    self.__dict__[key] = m(self)
  File "/home/pg/sources/mix/core/package.py", line 106, in all_build_depends
    return cu.uniq_list(self.filter_buildable(iter_deps()))
  File "/home/pg/sources/mix/core/utils.py", line 34, in uniq_list
    return list(iter_uniq_list(lst))
  File "/home/pg/sources/mix/core/utils.py", line 24, in iter_uniq_list
    for l in lst:
  File "/home/pg/sources/mix/core/package.py", line 75, in filter_buildable
    if self.load_package(n).buildable():
  File "/home/pg/sources/mix/core/package.py", line 66, in load_package
    return self.manager.load_package(selector)
  File "/home/pg/sources/mix/core/manager.py", line 40, in load_package
    self._p[key] = cp.Package(selector, self)
  File "/home/pg/sources/mix/core/package.py", line 48, in __init__
    'deps': [x.out_dir for x in self.iter_all_build_depends()],
  File "/home/pg/sources/mix/core/package.py", line 48, in <listcomp>
    'deps': [x.out_dir for x in self.iter_all_build_depends()],
  File "/home/pg/sources/mix/core/package.py", line 109, in iter_all_build_depends
    for d in self.all_build_depends():
  File "/home/pg/sources/mix/core/utils.py", line 62, in wrapper
    self.__dict__[key] = m(self)
  File "/home/pg/sources/mix/core/package.py", line 106, in all_build_depends
    return cu.uniq_list(self.filter_buildable(iter_deps()))
  File "/home/pg/sources/mix/core/utils.py", line 34, in uniq_list
    return list(iter_uniq_list(lst))
  File "/home/pg/sources/mix/core/utils.py", line 24, in iter_uniq_list
    for l in lst:
  File "/home/pg/sources/mix/core/package.py", line 75, in filter_buildable
    if self.load_package(n).buildable():
  File "/home/pg/sources/mix/core/package.py", line 66, in load_package
    return self.manager.load_package(selector)
  File "/home/pg/sources/mix/core/manager.py", line 40, in load_package
    self._p[key] = cp.Package(selector, self)
  File "/home/pg/sources/mix/core/package.py", line 48, in __init__
    'deps': [x.out_dir for x in self.iter_all_build_depends()],
  File "/home/pg/sources/mix/core/package.py", line 48, in <listcomp>
    'deps': [x.out_dir for x in self.iter_all_build_depends()],
  File "/home/pg/sources/mix/core/package.py", line 109, in iter_all_build_depends
    for d in self.all_build_depends():
  File "/home/pg/sources/mix/core/utils.py", line 62, in wrapper
    self.__dict__[key] = m(self)
  File "/home/pg/sources/mix/core/package.py", line 106, in all_build_depends
    return cu.uniq_list(self.filter_buildable(iter_deps()))
  File "/home/pg/sources/mix/core/utils.py", line 34, in uniq_list
    return list(iter_uniq_list(lst))
  File "/home/pg/sources/mix/core/utils.py", line 24, in iter_uniq_list
    for l in lst:
  File "/home/pg/sources/mix/core/package.py", line 75, in filter_buildable
    if self.load_package(n).buildable():
  File "/home/pg/sources/mix/core/package.py", line 66, in load_package
    return self.manager.load_package(selector)
  File "/home/pg/sources/mix/core/manager.py", line 40, in load_package
    self._p[key] = cp.Package(selector, self)
  File "/home/pg/sources/mix/core/package.py", line 48, in __init__
    'deps': [x.out_dir for x in self.iter_all_build_depends()],
  File "/home/pg/sources/mix/core/package.py", line 48, in <listcomp>
    'deps': [x.out_dir for x in self.iter_all_build_depends()],
  File "/home/pg/sources/mix/core/package.py", line 109, in iter_all_build_depends
    for d in self.all_build_depends():
  File "/home/pg/sources/mix/core/utils.py", line 62, in wrapper
    self.__dict__[key] = m(self)
  File "/home/pg/sources/mix/core/package.py", line 106, in all_build_depends
    return cu.uniq_list(self.filter_buildable(iter_deps()))
  File "/home/pg/sources/mix/core/utils.py", line 34, in uniq_list
    return list(iter_uniq_list(lst))
  File "/home/pg/sources/mix/core/utils.py", line 24, in iter_uniq_list
    for l in lst:
  File "/home/pg/sources/mix/core/package.py", line 75, in filter_buildable
    if self.load_package(n).buildable():
  File "/home/pg/sources/mix/core/package.py", line 66, in load_package
    return self.manager.load_package(selector)
  File "/home/pg/sources/mix/core/manager.py", line 40, in load_package
    self._p[key] = cp.Package(selector, self)
  File "/home/pg/sources/mix/core/package.py", line 48, in __init__
    'deps': [x.out_dir for x in self.iter_all_build_depends()],
  File "/home/pg/sources/mix/core/package.py", line 48, in <listcomp>
    'deps': [x.out_dir for x in self.iter_all_build_depends()],
  File "/home/pg/sources/mix/core/package.py", line 109, in iter_all_build_depends
    for d in self.all_build_depends():
  File "/home/pg/sources/mix/core/utils.py", line 62, in wrapper
    self.__dict__[key] = m(self)
  File "/home/pg/sources/mix/core/package.py", line 106, in all_build_depends
    return cu.uniq_list(self.filter_buildable(iter_deps()))
  File "/home/pg/sources/mix/core/utils.py", line 34, in uniq_list
    return list(iter_uniq_list(lst))
  File "/home/pg/sources/mix/core/utils.py", line 24, in iter_uniq_list
    for l in lst:
  File "/home/pg/sources/mix/core/package.py", line 74, in filter_buildable
    for n in it:
  File "/home/pg/sources/mix/core/package.py", line 104, in iter_deps
    yield from self.load_package(d).all_runtime_depends()
  File "/home/pg/sources/mix/core/utils.py", line 62, in wrapper
    self.__dict__[key] = m(self)
  File "/home/pg/sources/mix/core/package.py", line 124, in all_runtime_depends
    return cu.uniq_list(self.filter_buildable(iter_deps()))
  File "/home/pg/sources/mix/core/utils.py", line 34, in uniq_list
    return list(iter_uniq_list(lst))
  File "/home/pg/sources/mix/core/utils.py", line 24, in iter_uniq_list
    for l in lst:
  File "/home/pg/sources/mix/core/package.py", line 74, in filter_buildable
    for n in it:
  File "/home/pg/sources/mix/core/package.py", line 122, in iter_deps
    yield from self.load_package(d).all_runtime_depends()
  File "/home/pg/sources/mix/core/utils.py", line 62, in wrapper
    self.__dict__[key] = m(self)
  File "/home/pg/sources/mix/core/package.py", line 124, in all_runtime_depends
    return cu.uniq_list(self.filter_buildable(iter_deps()))
  File "/home/pg/sources/mix/core/utils.py", line 34, in uniq_list
    return list(iter_uniq_list(lst))
  File "/home/pg/sources/mix/core/utils.py", line 24, in iter_uniq_list
    for l in lst:
  File "/home/pg/sources/mix/core/package.py", line 75, in filter_buildable
    if self.load_package(n).buildable():
  File "/home/pg/sources/mix/core/package.py", line 66, in load_package
    return self.manager.load_package(selector)
  File "/home/pg/sources/mix/core/manager.py", line 40, in load_package
    self._p[key] = cp.Package(selector, self)
  File "/home/pg/sources/mix/core/package.py", line 48, in __init__
    'deps': [x.out_dir for x in self.iter_all_build_depends()],
  File "/home/pg/sources/mix/core/package.py", line 48, in <listcomp>
    'deps': [x.out_dir for x in self.iter_all_build_depends()],
  File "/home/pg/sources/mix/core/package.py", line 109, in iter_all_build_depends
    for d in self.all_build_depends():
  File "/home/pg/sources/mix/core/utils.py", line 62, in wrapper
    self.__dict__[key] = m(self)
  File "/home/pg/sources/mix/core/package.py", line 106, in all_build_depends
    return cu.uniq_list(self.filter_buildable(iter_deps()))
  File "/home/pg/sources/mix/core/utils.py", line 34, in uniq_list
    return list(iter_uniq_list(lst))
  File "/home/pg/sources/mix/core/utils.py", line 24, in iter_uniq_list
    for l in lst:
  File "/home/pg/sources/mix/core/package.py", line 74, in filter_buildable
    for n in it:
  File "/home/pg/sources/mix/core/package.py", line 104, in iter_deps
    yield from self.load_package(d).all_runtime_depends()
  File "/home/pg/sources/mix/core/utils.py", line 62, in wrapper
    self.__dict__[key] = m(self)
  File "/home/pg/sources/mix/core/package.py", line 124, in all_runtime_depends
    return cu.uniq_list(self.filter_buildable(iter_deps()))
  File "/home/pg/sources/mix/core/utils.py", line 34, in uniq_list
    return list(iter_uniq_list(lst))
  File "/home/pg/sources/mix/core/utils.py", line 24, in iter_uniq_list
    for l in lst:
  File "/home/pg/sources/mix/core/package.py", line 75, in filter_buildable
    if self.load_package(n).buildable():
  File "/home/pg/sources/mix/core/package.py", line 66, in load_package
    return self.manager.load_package(selector)
  File "/home/pg/sources/mix/core/manager.py", line 40, in load_package
    self._p[key] = cp.Package(selector, self)
  File "/home/pg/sources/mix/core/package.py", line 48, in __init__
    'deps': [x.out_dir for x in self.iter_all_build_depends()],
  File "/home/pg/sources/mix/core/package.py", line 48, in <listcomp>
    'deps': [x.out_dir for x in self.iter_all_build_depends()],
  File "/home/pg/sources/mix/core/package.py", line 109, in iter_all_build_depends
    for d in self.all_build_depends():
  File "/home/pg/sources/mix/core/utils.py", line 62, in wrapper
    self.__dict__[key] = m(self)
  File "/home/pg/sources/mix/core/package.py", line 106, in all_build_depends
    return cu.uniq_list(self.filter_buildable(iter_deps()))
  File "/home/pg/sources/mix/core/utils.py", line 34, in uniq_list
    return list(iter_uniq_list(lst))
  File "/home/pg/sources/mix/core/utils.py", line 24, in iter_uniq_list
    for l in lst:
  File "/home/pg/sources/mix/core/package.py", line 75, in filter_buildable
    if self.load_package(n).buildable():
  File "/home/pg/sources/mix/core/package.py", line 66, in load_package
    return self.manager.load_package(selector)
  File "/home/pg/sources/mix/core/manager.py", line 40, in load_package
    self._p[key] = cp.Package(selector, self)
  File "/home/pg/sources/mix/core/package.py", line 48, in __init__
    'deps': [x.out_dir for x in self.iter_all_build_depends()],
  File "/home/pg/sources/mix/core/package.py", line 48, in <listcomp>
    'deps': [x.out_dir for x in self.iter_all_build_depends()],
  File "/home/pg/sources/mix/core/package.py", line 109, in iter_all_build_depends
    for d in self.all_build_depends():
  File "/home/pg/sources/mix/core/utils.py", line 62, in wrapper
    self.__dict__[key] = m(self)
  File "/home/pg/sources/mix/core/package.py", line 106, in all_build_depends
    return cu.uniq_list(self.filter_buildable(iter_deps()))
  File "/home/pg/sources/mix/core/utils.py", line 34, in uniq_list
    return list(iter_uniq_list(lst))
  File "/home/pg/sources/mix/core/utils.py", line 24, in iter_uniq_list
    for l in lst:
  File "/home/pg/sources/mix/core/package.py", line 75, in filter_buildable
    if self.load_package(n).buildable():
  File "/home/pg/sources/mix/core/package.py", line 66, in load_package
    return self.manager.load_package(selector)
  File "/home/pg/sources/mix/core/manager.py", line 40, in load_package
    self._p[key] = cp.Package(selector, self)
  File "/home/pg/sources/mix/core/package.py", line 48, in __init__
    'deps': [x.out_dir for x in self.iter_all_build_depends()],
  File "/home/pg/sources/mix/core/package.py", line 48, in <listcomp>
    'deps': [x.out_dir for x in self.iter_all_build_depends()],
  File "/home/pg/sources/mix/core/package.py", line 109, in iter_all_build_depends
    for d in self.all_build_depends():
  File "/home/pg/sources/mix/core/utils.py", line 62, in wrapper
    self.__dict__[key] = m(self)
  File "/home/pg/sources/mix/core/package.py", line 106, in all_build_depends
    return cu.uniq_list(self.filter_buildable(iter_deps()))
  File "/home/pg/sources/mix/core/utils.py", line 34, in uniq_list
    return list(iter_uniq_list(lst))
  File "/home/pg/sources/mix/core/utils.py", line 24, in iter_uniq_list
    for l in lst:
  File "/home/pg/sources/mix/core/package.py", line 75, in filter_buildable
    if self.load_package(n).buildable():
  File "/home/pg/sources/mix/core/package.py", line 66, in load_package
    return self.manager.load_package(selector)
  File "/home/pg/sources/mix/core/manager.py", line 40, in load_package
    self._p[key] = cp.Package(selector, self)
  File "/home/pg/sources/mix/core/package.py", line 48, in __init__
    'deps': [x.out_dir for x in self.iter_all_build_depends()],
  File "/home/pg/sources/mix/core/package.py", line 48, in <listcomp>
    'deps': [x.out_dir for x in self.iter_all_build_depends()],
  File "/home/pg/sources/mix/core/package.py", line 109, in iter_all_build_depends
    for d in self.all_build_depends():
  File "/home/pg/sources/mix/core/utils.py", line 62, in wrapper
    self.__dict__[key] = m(self)
  File "/home/pg/sources/mix/core/package.py", line 106, in all_build_depends
    return cu.uniq_list(self.filter_buildable(iter_deps()))
  File "/home/pg/sources/mix/core/utils.py", line 34, in uniq_list
    return list(iter_uniq_list(lst))
  File "/home/pg/sources/mix/core/utils.py", line 24, in iter_uniq_list
    for l in lst:
  File "/home/pg/sources/mix/core/package.py", line 75, in filter_buildable
    if self.load_package(n).buildable():
  File "/home/pg/sources/mix/core/package.py", line 66, in load_package
    return self.manager.load_package(selector)
  File "/home/pg/sources/mix/core/manager.py", line 40, in load_package
    self._p[key] = cp.Package(selector, self)
  File "/home/pg/sources/mix/core/package.py", line 48, in __init__
    'deps': [x.out_dir for x in self.iter_all_build_depends()],
  File "/home/pg/sources/mix/core/package.py", line 48, in <listcomp>
    'deps': [x.out_dir for x in self.iter_all_build_depends()],
  File "/home/pg/sources/mix/core/package.py", line 109, in iter_all_build_depends
    for d in self.all_build_depends():
  File "/home/pg/sources/mix/core/utils.py", line 62, in wrapper
    self.__dict__[key] = m(self)
  File "/home/pg/sources/mix/core/package.py", line 106, in all_build_depends
    return cu.uniq_list(self.filter_buildable(iter_deps()))
  File "/home/pg/sources/mix/core/utils.py", line 34, in uniq_list
    return list(iter_uniq_list(lst))
  File "/home/pg/sources/mix/core/utils.py", line 24, in iter_uniq_list
    for l in lst:
  File "/home/pg/sources/mix/core/package.py", line 75, in filter_buildable
    if self.load_package(n).buildable():
  File "/home/pg/sources/mix/core/package.py", line 66, in load_package
    return self.manager.load_package(selector)
  File "/home/pg/sources/mix/core/manager.py", line 40, in load_package
    self._p[key] = cp.Package(selector, self)
  File "/home/pg/sources/mix/core/package.py", line 48, in __init__
    'deps': [x.out_dir for x in self.iter_all_build_depends()],
  File "/home/pg/sources/mix/core/package.py", line 48, in <listcomp>
    'deps': [x.out_dir for x in self.iter_all_build_depends()],
  File "/home/pg/sources/mix/core/package.py", line 109, in iter_all_build_depends
    for d in self.all_build_depends():
  File "/home/pg/sources/mix/core/utils.py", line 62, in wrapper
    self.__dict__[key] = m(self)
  File "/home/pg/sources/mix/core/package.py", line 106, in all_build_depends
    return cu.uniq_list(self.filter_buildable(iter_deps()))
  File "/home/pg/sources/mix/core/utils.py", line 34, in uniq_list
    return list(iter_uniq_list(lst))
  File "/home/pg/sources/mix/core/utils.py", line 24, in iter_uniq_list
    for l in lst:
  File "/home/pg/sources/mix/core/package.py", line 74, in filter_buildable
    for n in it:
  File "/home/pg/sources/mix/core/package.py", line 104, in iter_deps
    yield from self.load_package(d).all_runtime_depends()
  File "/home/pg/sources/mix/core/utils.py", line 62, in wrapper
    self.__dict__[key] = m(self)
  File "/home/pg/sources/mix/core/package.py", line 124, in all_runtime_depends
    return cu.uniq_list(self.filter_buildable(iter_deps()))
  File "/home/pg/sources/mix/core/utils.py", line 34, in uniq_list
    return list(iter_uniq_list(lst))
  File "/home/pg/sources/mix/core/utils.py", line 24, in iter_uniq_list
    for l in lst:
  File "/home/pg/sources/mix/core/package.py", line 74, in filter_buildable
    for n in it:
  File "/home/pg/sources/mix/core/package.py", line 122, in iter_deps
    yield from self.load_package(d).all_runtime_depends()
  File "/home/pg/sources/mix/core/utils.py", line 62, in wrapper
    self.__dict__[key] = m(self)
  File "/home/pg/sources/mix/core/package.py", line 124, in all_runtime_depends
    return cu.uniq_list(self.filter_buildable(iter_deps()))
  File "/home/pg/sources/mix/core/utils.py", line 34, in uniq_list
    return list(iter_uniq_list(lst))
  File "/home/pg/sources/mix/core/utils.py", line 24, in iter_uniq_list
    for l in lst:
  File "/home/pg/sources/mix/core/package.py", line 75, in filter_buildable
    if self.load_package(n).buildable():
  File "/home/pg/sources/mix/core/package.py", line 66, in load_package
    return self.manager.load_package(selector)
  File "/home/pg/sources/mix/core/manager.py", line 40, in load_package
    self._p[key] = cp.Package(selector, self)
  File "/home/pg/sources/mix/core/package.py", line 48, in __init__
    'deps': [x.out_dir for x in self.iter_all_build_depends()],
  File "/home/pg/sources/mix/core/package.py", line 48, in <listcomp>
    'deps': [x.out_dir for x in self.iter_all_build_depends()],
  File "/home/pg/sources/mix/core/package.py", line 109, in iter_all_build_depends
    for d in self.all_build_depends():
  File "/home/pg/sources/mix/core/utils.py", line 62, in wrapper
    self.__dict__[key] = m(self)
  File "/home/pg/sources/mix/core/package.py", line 106, in all_build_depends
    return cu.uniq_list(self.filter_buildable(iter_deps()))
  File "/home/pg/sources/mix/core/utils.py", line 34, in uniq_list
    return list(iter_uniq_list(lst))
  File "/home/pg/sources/mix/core/utils.py", line 24, in iter_uniq_list
    for l in lst:
  File "/home/pg/sources/mix/core/package.py", line 74, in filter_buildable
    for n in it:
  File "/home/pg/sources/mix/core/package.py", line 104, in iter_deps
    yield from self.load_package(d).all_runtime_depends()
  File "/home/pg/sources/mix/core/utils.py", line 62, in wrapper
    self.__dict__[key] = m(self)
  File "/home/pg/sources/mix/core/package.py", line 124, in all_runtime_depends
    return cu.uniq_list(self.filter_buildable(iter_deps()))
  File "/home/pg/sources/mix/core/utils.py", line 34, in uniq_list
    return list(iter_uniq_list(lst))
  File "/home/pg/sources/mix/core/utils.py", line 24, in iter_uniq_list
    for l in lst:
  File "/home/pg/sources/mix/core/package.py", line 75, in filter_buildable
    if self.load_package(n).buildable():
  File "/home/pg/sources/mix/core/package.py", line 66, in load_package
    return self.manager.load_package(selector)
  File "/home/pg/sources/mix/core/manager.py", line 40, in load_package
    self._p[key] = cp.Package(selector, self)
  File "/home/pg/sources/mix/core/package.py", line 48, in __init__
    'deps': [x.out_dir for x in self.iter_all_build_depends()],
  File "/home/pg/sources/mix/core/package.py", line 48, in <listcomp>
    'deps': [x.out_dir for x in self.iter_all_build_depends()],
  File "/home/pg/sources/mix/core/package.py", line 109, in iter_all_build_depends
    for d in self.all_build_depends():
  File "/home/pg/sources/mix/core/utils.py", line 62, in wrapper
    self.__dict__[key] = m(self)
  File "/home/pg/sources/mix/core/package.py", line 106, in all_build_depends
    return cu.uniq_list(self.filter_buildable(iter_deps()))
  File "/home/pg/sources/mix/core/utils.py", line 34, in uniq_list
    return list(iter_uniq_list(lst))
  File "/home/pg/sources/mix/core/utils.py", line 24, in iter_uniq_list
    for l in lst:
  File "/home/pg/sources/mix/core/package.py", line 75, in filter_buildable
    if self.load_package(n).buildable():
  File "/home/pg/sources/mix/core/package.py", line 66, in load_package
    return self.manager.load_package(selector)
  File "/home/pg/sources/mix/core/manager.py", line 40, in load_package
    self._p[key] = cp.Package(selector, self)
  File "/home/pg/sources/mix/core/package.py", line 48, in __init__
    'deps': [x.out_dir for x in self.iter_all_build_depends()],
  File "/home/pg/sources/mix/core/package.py", line 48, in <listcomp>
    'deps': [x.out_dir for x in self.iter_all_build_depends()],
  File "/home/pg/sources/mix/core/package.py", line 109, in iter_all_build_depends
    for d in self.all_build_depends():
  File "/home/pg/sources/mix/core/utils.py", line 62, in wrapper
    self.__dict__[key] = m(self)
  File "/home/pg/sources/mix/core/package.py", line 106, in all_build_depends
    return cu.uniq_list(self.filter_buildable(iter_deps()))
  File "/home/pg/sources/mix/core/utils.py", line 34, in uniq_list
    return list(iter_uniq_list(lst))
  File "/home/pg/sources/mix/core/utils.py", line 24, in iter_uniq_list
    for l in lst:
  File "/home/pg/sources/mix/core/package.py", line 75, in filter_buildable
    if self.load_package(n).buildable():
  File "/home/pg/sources/mix/core/package.py", line 66, in load_package
    return self.manager.load_package(selector)
  File "/home/pg/sources/mix/core/manager.py", line 40, in load_package
    self._p[key] = cp.Package(selector, self)
  File "/home/pg/sources/mix/core/package.py", line 48, in __init__
    'deps': [x.out_dir for x in self.iter_all_build_depends()],
  File "/home/pg/sources/mix/core/package.py", line 48, in <listcomp>
    'deps': [x.out_dir for x in self.iter_all_build_depends()],
  File "/home/pg/sources/mix/core/package.py", line 109, in iter_all_build_depends
    for d in self.all_build_depends():
  File "/home/pg/sources/mix/core/utils.py", line 62, in wrapper
    self.__dict__[key] = m(self)
  File "/home/pg/sources/mix/core/package.py", line 106, in all_build_depends
    return cu.uniq_list(self.filter_buildable(iter_deps()))
  File "/home/pg/sources/mix/core/utils.py", line 34, in uniq_list
    return list(iter_uniq_list(lst))
  File "/home/pg/sources/mix/core/utils.py", line 24, in iter_uniq_list
    for l in lst:
  File "/home/pg/sources/mix/core/package.py", line 75, in filter_buildable
    if self.load_package(n).buildable():
  File "/home/pg/sources/mix/core/package.py", line 66, in load_package
    return self.manager.load_package(selector)
  File "/home/pg/sources/mix/core/manager.py", line 40, in load_package
    self._p[key] = cp.Package(selector, self)
  File "/home/pg/sources/mix/core/package.py", line 48, in __init__
    'deps': [x.out_dir for x in self.iter_all_build_depends()],
  File "/home/pg/sources/mix/core/package.py", line 48, in <listcomp>
    'deps': [x.out_dir for x in self.iter_all_build_depends()],
  File "/home/pg/sources/mix/core/package.py", line 109, in iter_all_build_depends
    for d in self.all_build_depends():
  File "/home/pg/sources/mix/core/utils.py", line 62, in wrapper
    self.__dict__[key] = m(self)
  File "/home/pg/sources/mix/core/package.py", line 106, in all_build_depends
    return cu.uniq_list(self.filter_buildable(iter_deps()))
  File "/home/pg/sources/mix/core/utils.py", line 34, in uniq_list
    return list(iter_uniq_list(lst))
  File "/home/pg/sources/mix/core/utils.py", line 24, in iter_uniq_list
    for l in lst:
  File "/home/pg/sources/mix/core/package.py", line 75, in filter_buildable
    if self.load_package(n).buildable():
  File "/home/pg/sources/mix/core/package.py", line 66, in load_package
    return self.manager.load_package(selector)
  File "/home/pg/sources/mix/core/manager.py", line 40, in load_package
    self._p[key] = cp.Package(selector, self)
  File "/home/pg/sources/mix/core/package.py", line 48, in __init__
    'deps': [x.out_dir for x in self.iter_all_build_depends()],
  File "/home/pg/sources/mix/core/package.py", line 48, in <listcomp>
    'deps': [x.out_dir for x in self.iter_all_build_depends()],
  File "/home/pg/sources/mix/core/package.py", line 109, in iter_all_build_depends
    for d in self.all_build_depends():
  File "/home/pg/sources/mix/core/utils.py", line 62, in wrapper
    self.__dict__[key] = m(self)
  File "/home/pg/sources/mix/core/package.py", line 106, in all_build_depends
    return cu.uniq_list(self.filter_buildable(iter_deps()))
  File "/home/pg/sources/mix/core/utils.py", line 34, in uniq_list
    return list(iter_uniq_list(lst))
  File "/home/pg/sources/mix/core/utils.py", line 24, in iter_uniq_list
    for l in lst:
  File "/home/pg/sources/mix/core/package.py", line 75, in filter_buildable
    if self.load_package(n).buildable():
  File "/home/pg/sources/mix/core/package.py", line 66, in load_package
    return self.manager.load_package(selector)
  File "/home/pg/sources/mix/core/manager.py", line 40, in load_package
    self._p[key] = cp.Package(selector, self)
  File "/home/pg/sources/mix/core/package.py", line 48, in __init__
    'deps': [x.out_dir for x in self.iter_all_build_depends()],
  File "/home/pg/sources/mix/core/package.py", line 48, in <listcomp>
    'deps': [x.out_dir for x in self.iter_all_build_depends()],
  File "/home/pg/sources/mix/core/package.py", line 109, in iter_all_build_depends
    for d in self.all_build_depends():
  File "/home/pg/sources/mix/core/utils.py", line 62, in wrapper
    self.__dict__[key] = m(self)
  File "/home/pg/sources/mix/core/package.py", line 106, in all_build_depends
    return cu.uniq_list(self.filter_buildable(iter_deps()))
  File "/home/pg/sources/mix/core/utils.py", line 34, in uniq_list
    return list(iter_uniq_list(lst))
  File "/home/pg/sources/mix/core/utils.py", line 24, in iter_uniq_list
    for l in lst:
  File "/home/pg/sources/mix/core/package.py", line 74, in filter_buildable
    for n in it:
  File "/home/pg/sources/mix/core/package.py", line 104, in iter_deps
    yield from self.load_package(d).all_runtime_depends()
  File "/home/pg/sources/mix/core/utils.py", line 62, in wrapper
    self.__dict__[key] = m(self)
  File "/home/pg/sources/mix/core/package.py", line 124, in all_runtime_depends
    return cu.uniq_list(self.filter_buildable(iter_deps()))
  File "/home/pg/sources/mix/core/utils.py", line 34, in uniq_list
    return list(iter_uniq_list(lst))
  File "/home/pg/sources/mix/core/utils.py", line 24, in iter_uniq_list
    for l in lst:
  File "/home/pg/sources/mix/core/package.py", line 74, in filter_buildable
    for n in it:
  File "/home/pg/sources/mix/core/package.py", line 122, in iter_deps
    yield from self.load_package(d).all_runtime_depends()
  File "/home/pg/sources/mix/core/utils.py", line 62, in wrapper
    self.__dict__[key] = m(self)
  File "/home/pg/sources/mix/core/package.py", line 124, in all_runtime_depends
    return cu.uniq_list(self.filter_buildable(iter_deps()))
  File "/home/pg/sources/mix/core/utils.py", line 34, in uniq_list
    return list(iter_uniq_list(lst))
  File "/home/pg/sources/mix/core/utils.py", line 24, in iter_uniq_list
    for l in lst:
  File "/home/pg/sources/mix/core/package.py", line 75, in filter_buildable
    if self.load_package(n).buildable():
  File "/home/pg/sources/mix/core/package.py", line 66, in load_package
    return self.manager.load_package(selector)
  File "/home/pg/sources/mix/core/manager.py", line 40, in load_package
    self._p[key] = cp.Package(selector, self)
  File "/home/pg/sources/mix/core/package.py", line 48, in __init__
    'deps': [x.out_dir for x in self.iter_all_build_depends()],
  File "/home/pg/sources/mix/core/package.py", line 48, in <listcomp>
    'deps': [x.out_dir for x in self.iter_all_build_depends()],
  File "/home/pg/sources/mix/core/package.py", line 109, in iter_all_build_depends
    for d in self.all_build_depends():
  File "/home/pg/sources/mix/core/utils.py", line 62, in wrapper
    self.__dict__[key] = m(self)
  File "/home/pg/sources/mix/core/package.py", line 106, in all_build_depends
    return cu.uniq_list(self.filter_buildable(iter_deps()))
  File "/home/pg/sources/mix/core/utils.py", line 34, in uniq_list
    return list(iter_uniq_list(lst))
  File "/home/pg/sources/mix/core/utils.py", line 24, in iter_uniq_list
    for l in lst:
  File "/home/pg/sources/mix/core/package.py", line 74, in filter_buildable
    for n in it:
  File "/home/pg/sources/mix/core/package.py", line 104, in iter_deps
    yield from self.load_package(d).all_runtime_depends()
  File "/home/pg/sources/mix/core/utils.py", line 62, in wrapper
    self.__dict__[key] = m(self)
  File "/home/pg/sources/mix/core/package.py", line 124, in all_runtime_depends
    return cu.uniq_list(self.filter_buildable(iter_deps()))
  File "/home/pg/sources/mix/core/utils.py", line 34, in uniq_list
    return list(iter_uniq_list(lst))
  File "/home/pg/sources/mix/core/utils.py", line 24, in iter_uniq_list
    for l in lst:
  File "/home/pg/sources/mix/core/package.py", line 75, in filter_buildable
    if self.load_package(n).buildable():
  File "/home/pg/sources/mix/core/package.py", line 66, in load_package
    return self.manager.load_package(selector)
  File "/home/pg/sources/mix/core/manager.py", line 40, in load_package
    self._p[key] = cp.Package(selector, self)
  File "/home/pg/sources/mix/core/package.py", line 48, in __init__
    'deps': [x.out_dir for x in self.iter_all_build_depends()],
  File "/home/pg/sources/mix/core/package.py", line 48, in <listcomp>
    'deps': [x.out_dir for x in self.iter_all_build_depends()],
  File "/home/pg/sources/mix/core/package.py", line 109, in iter_all_build_depends
    for d in self.all_build_depends():
  File "/home/pg/sources/mix/core/utils.py", line 62, in wrapper
    self.__dict__[key] = m(self)
  File "/home/pg/sources/mix/core/package.py", line 106, in all_build_depends
    return cu.uniq_list(self.filter_buildable(iter_deps()))
  File "/home/pg/sources/mix/core/utils.py", line 34, in uniq_list
    return list(iter_uniq_list(lst))
  File "/home/pg/sources/mix/core/utils.py", line 24, in iter_uniq_list
    for l in lst:
  File "/home/pg/sources/mix/core/package.py", line 75, in filter_buildable
    if self.load_package(n).buildable():
  File "/home/pg/sources/mix/core/package.py", line 66, in load_package
    return self.manager.load_package(selector)
  File "/home/pg/sources/mix/core/manager.py", line 40, in load_package
    self._p[key] = cp.Package(selector, self)
  File "/home/pg/sources/mix/core/package.py", line 48, in __init__
    'deps': [x.out_dir for x in self.iter_all_build_depends()],
  File "/home/pg/sources/mix/core/package.py", line 48, in <listcomp>
    'deps': [x.out_dir for x in self.iter_all_build_depends()],
  File "/home/pg/sources/mix/core/package.py", line 109, in iter_all_build_depends
    for d in self.all_build_depends():
  File "/home/pg/sources/mix/core/utils.py", line 62, in wrapper
    self.__dict__[key] = m(self)
  File "/home/pg/sources/mix/core/package.py", line 106, in all_build_depends
    return cu.uniq_list(self.filter_buildable(iter_deps()))
  File "/home/pg/sources/mix/core/utils.py", line 34, in uniq_list
    return list(iter_uniq_list(lst))
  File "/home/pg/sources/mix/core/utils.py", line 24, in iter_uniq_list
    for l in lst:
  File "/home/pg/sources/mix/core/package.py", line 75, in filter_buildable
    if self.load_package(n).buildable():
  File "/home/pg/sources/mix/core/package.py", line 66, in load_package
    return self.manager.load_package(selector)
  File "/home/pg/sources/mix/core/manager.py", line 40, in load_package
    self._p[key] = cp.Package(selector, self)
  File "/home/pg/sources/mix/core/package.py", line 48, in __init__
    'deps': [x.out_dir for x in self.iter_all_build_depends()],
  File "/home/pg/sources/mix/core/package.py", line 48, in <listcomp>
    'deps': [x.out_dir for x in self.iter_all_build_depends()],
  File "/home/pg/sources/mix/core/package.py", line 109, in iter_all_build_depends
    for d in self.all_build_depends():
  File "/home/pg/sources/mix/core/utils.py", line 62, in wrapper
    self.__dict__[key] = m(self)
  File "/home/pg/sources/mix/core/package.py", line 106, in all_build_depends
    return cu.uniq_list(self.filter_buildable(iter_deps()))
  File "/home/pg/sources/mix/core/utils.py", line 34, in uniq_list
    return list(iter_uniq_list(lst))
  File "/home/pg/sources/mix/core/utils.py", line 24, in iter_uniq_list
    for l in lst:
  File "/home/pg/sources/mix/core/package.py", line 75, in filter_buildable
    if self.load_package(n).buildable():
  File "/home/pg/sources/mix/core/package.py", line 66, in load_package
    return self.manager.load_package(selector)
  File "/home/pg/sources/mix/core/manager.py", line 40, in load_package
    self._p[key] = cp.Package(selector, self)
  File "/home/pg/sources/mix/core/package.py", line 48, in __init__
    'deps': [x.out_dir for x in self.iter_all_build_depends()],
  File "/home/pg/sources/mix/core/package.py", line 48, in <listcomp>
    'deps': [x.out_dir for x in self.iter_all_build_depends()],
  File "/home/pg/sources/mix/core/package.py", line 109, in iter_all_build_depends
    for d in self.all_build_depends():
  File "/home/pg/sources/mix/core/utils.py", line 62, in wrapper
    self.__dict__[key] = m(self)
  File "/home/pg/sources/mix/core/package.py", line 106, in all_build_depends
    return cu.uniq_list(self.filter_buildable(iter_deps()))
  File "/home/pg/sources/mix/core/utils.py", line 34, in uniq_list
    return list(iter_uniq_list(lst))
  File "/home/pg/sources/mix/core/utils.py", line 24, in iter_uniq_list
    for l in lst:
  File "/home/pg/sources/mix/core/package.py", line 75, in filter_buildable
    if self.load_package(n).buildable():
  File "/home/pg/sources/mix/core/package.py", line 66, in load_package
    return self.manager.load_package(selector)
  File "/home/pg/sources/mix/core/manager.py", line 40, in load_package
    self._p[key] = cp.Package(selector, self)
  File "/home/pg/sources/mix/core/package.py", line 48, in __init__
    'deps': [x.out_dir for x in self.iter_all_build_depends()],
  File "/home/pg/sources/mix/core/package.py", line 48, in <listcomp>
    'deps': [x.out_dir for x in self.iter_all_build_depends()],
  File "/home/pg/sources/mix/core/package.py", line 109, in iter_all_build_depends
    for d in self.all_build_depends():
  File "/home/pg/sources/mix/core/utils.py", line 62, in wrapper
    self.__dict__[key] = m(self)
  File "/home/pg/sources/mix/core/package.py", line 106, in all_build_depends
    return cu.uniq_list(self.filter_buildable(iter_deps()))
  File "/home/pg/sources/mix/core/utils.py", line 34, in uniq_list
    return list(iter_uniq_list(lst))
  File "/home/pg/sources/mix/core/utils.py", line 24, in iter_uniq_list
    for l in lst:
  File "/home/pg/sources/mix/core/package.py", line 75, in filter_buildable
    if self.load_package(n).buildable():
  File "/home/pg/sources/mix/core/package.py", line 66, in load_package
    return self.manager.load_package(selector)
  File "/home/pg/sources/mix/core/manager.py", line 40, in load_package
    self._p[key] = cp.Package(selector, self)
  File "/home/pg/sources/mix/core/package.py", line 48, in __init__
    'deps': [x.out_dir for x in self.iter_all_build_depends()],
  File "/home/pg/sources/mix/core/package.py", line 48, in <listcomp>
    'deps': [x.out_dir for x in self.iter_all_build_depends()],
  File "/home/pg/sources/mix/core/package.py", line 109, in iter_all_build_depends
    for d in self.all_build_depends():
  File "/home/pg/sources/mix/core/utils.py", line 62, in wrapper
    self.__dict__[key] = m(self)
  File "/home/pg/sources/mix/core/package.py", line 106, in all_build_depends
    return cu.uniq_list(self.filter_buildable(iter_deps()))
  File "/home/pg/sources/mix/core/utils.py", line 34, in uniq_list
    return list(iter_uniq_list(lst))
  File "/home/pg/sources/mix/core/utils.py", line 24, in iter_uniq_list
    for l in lst:
  File "/home/pg/sources/mix/core/package.py", line 74, in filter_buildable
    for n in it:
  File "/home/pg/sources/mix/core/package.py", line 104, in iter_deps
    yield from self.load_package(d).all_runtime_depends()
  File "/home/pg/sources/mix/core/utils.py", line 62, in wrapper
    self.__dict__[key] = m(self)
  File "/home/pg/sources/mix/core/package.py", line 124, in all_runtime_depends
    return cu.uniq_list(self.filter_buildable(iter_deps()))
  File "/home/pg/sources/mix/core/utils.py", line 34, in uniq_list
    return list(iter_uniq_list(lst))
  File "/home/pg/sources/mix/core/utils.py", line 24, in iter_uniq_list
    for l in lst:
  File "/home/pg/sources/mix/core/package.py", line 74, in filter_buildable
    for n in it:
  File "/home/pg/sources/mix/core/package.py", line 122, in iter_deps
    yield from self.load_package(d).all_runtime_depends()
  File "/home/pg/sources/mix/core/utils.py", line 62, in wrapper
    self.__dict__[key] = m(self)
  File "/home/pg/sources/mix/core/package.py", line 124, in all_runtime_depends
    return cu.uniq_list(self.filter_buildable(iter_deps()))
  File "/home/pg/sources/mix/core/utils.py", line 34, in uniq_list
    return list(iter_uniq_list(lst))
  File "/home/pg/sources/mix/core/utils.py", line 24, in iter_uniq_list
    for l in lst:
  File "/home/pg/sources/mix/core/package.py", line 75, in filter_buildable
    if self.load_package(n).buildable():
  File "/home/pg/sources/mix/core/package.py", line 66, in load_package
    return self.manager.load_package(selector)
  File "/home/pg/sources/mix/core/manager.py", line 40, in load_package
    self._p[key] = cp.Package(selector, self)
  File "/home/pg/sources/mix/core/package.py", line 48, in __init__
    'deps': [x.out_dir for x in self.iter_all_build_depends()],
  File "/home/pg/sources/mix/core/package.py", line 48, in <listcomp>
    'deps': [x.out_dir for x in self.iter_all_build_depends()],
  File "/home/pg/sources/mix/core/package.py", line 109, in iter_all_build_depends
    for d in self.all_build_depends():
  File "/home/pg/sources/mix/core/utils.py", line 62, in wrapper
    self.__dict__[key] = m(self)
  File "/home/pg/sources/mix/core/package.py", line 106, in all_build_depends
    return cu.uniq_list(self.filter_buildable(iter_deps()))
  File "/home/pg/sources/mix/core/utils.py", line 34, in uniq_list
    return list(iter_uniq_list(lst))
  File "/home/pg/sources/mix/core/utils.py", line 24, in iter_uniq_list
    for l in lst:
  File "/home/pg/sources/mix/core/package.py", line 74, in filter_buildable
    for n in it:
  File "/home/pg/sources/mix/core/package.py", line 104, in iter_deps
    yield from self.load_package(d).all_runtime_depends()
  File "/home/pg/sources/mix/core/utils.py", line 62, in wrapper
    self.__dict__[key] = m(self)
  File "/home/pg/sources/mix/core/package.py", line 124, in all_runtime_depends
    return cu.uniq_list(self.filter_buildable(iter_deps()))
  File "/home/pg/sources/mix/core/utils.py", line 34, in uniq_list
    return list(iter_uniq_list(lst))
  File "/home/pg/sources/mix/core/utils.py", line 24, in iter_uniq_list
    for l in lst:
  File "/home/pg/sources/mix/core/package.py", line 75, in filter_buildable
    if self.load_package(n).buildable():
  File "/home/pg/sources/mix/core/package.py", line 66, in load_package
    return self.manager.load_package(selector)
  File "/home/pg/sources/mix/core/manager.py", line 40, in load_package
    self._p[key] = cp.Package(selector, self)
  File "/home/pg/sources/mix/core/package.py", line 48, in __init__
    'deps': [x.out_dir for x in self.iter_all_build_depends()],
  File "/home/pg/sources/mix/core/package.py", line 48, in <listcomp>
    'deps': [x.out_dir for x in self.iter_all_build_depends()],
  File "/home/pg/sources/mix/core/package.py", line 109, in iter_all_build_depends
    for d in self.all_build_depends():
  File "/home/pg/sources/mix/core/utils.py", line 62, in wrapper
    self.__dict__[key] = m(self)
  File "/home/pg/sources/mix/core/package.py", line 106, in all_build_depends
    return cu.uniq_list(self.filter_buildable(iter_deps()))
  File "/home/pg/sources/mix/core/utils.py", line 34, in uniq_list
    return list(iter_uniq_list(lst))
  File "/home/pg/sources/mix/core/utils.py", line 24, in iter_uniq_list
    for l in lst:
  File "/home/pg/sources/mix/core/package.py", line 75, in filter_buildable
    if self.load_package(n).buildable():
  File "/home/pg/sources/mix/core/package.py", line 66, in load_package
    return self.manager.load_package(selector)
  File "/home/pg/sources/mix/core/manager.py", line 40, in load_package
    self._p[key] = cp.Package(selector, self)
  File "/home/pg/sources/mix/core/package.py", line 48, in __init__
    'deps': [x.out_dir for x in self.iter_all_build_depends()],
  File "/home/pg/sources/mix/core/package.py", line 48, in <listcomp>
    'deps': [x.out_dir for x in self.iter_all_build_depends()],
  File "/home/pg/sources/mix/core/package.py", line 109, in iter_all_build_depends
    for d in self.all_build_depends():
  File "/home/pg/sources/mix/core/utils.py", line 62, in wrapper
    self.__dict__[key] = m(self)
  File "/home/pg/sources/mix/core/package.py", line 106, in all_build_depends
    return cu.uniq_list(self.filter_buildable(iter_deps()))
  File "/home/pg/sources/mix/core/utils.py", line 34, in uniq_list
    return list(iter_uniq_list(lst))
  File "/home/pg/sources/mix/core/utils.py", line 24, in iter_uniq_list
    for l in lst:
  File "/home/pg/sources/mix/core/package.py", line 75, in filter_buildable
    if self.load_package(n).buildable():
  File "/home/pg/sources/mix/core/package.py", line 66, in load_package
    return self.manager.load_package(selector)
  File "/home/pg/sources/mix/core/manager.py", line 40, in load_package
    self._p[key] = cp.Package(selector, self)
  File "/home/pg/sources/mix/core/package.py", line 48, in __init__
    'deps': [x.out_dir for x in self.iter_all_build_depends()],
  File "/home/pg/sources/mix/core/package.py", line 48, in <listcomp>
    'deps': [x.out_dir for x in self.iter_all_build_depends()],
  File "/home/pg/sources/mix/core/package.py", line 109, in iter_all_build_depends
    for d in self.all_build_depends():
  File "/home/pg/sources/mix/core/utils.py", line 62, in wrapper
    self.__dict__[key] = m(self)
  File "/home/pg/sources/mix/core/package.py", line 106, in all_build_depends
    return cu.uniq_list(self.filter_buildable(iter_deps()))
  File "/home/pg/sources/mix/core/utils.py", line 34, in uniq_list
    return list(iter_uniq_list(lst))
  File "/home/pg/sources/mix/core/utils.py", line 24, in iter_uniq_list
    for l in lst:
  File "/home/pg/sources/mix/core/package.py", line 75, in filter_buildable
    if self.load_package(n).buildable():
  File "/home/pg/sources/mix/core/package.py", line 66, in load_package
    return self.manager.load_package(selector)
  File "/home/pg/sources/mix/core/manager.py", line 40, in load_package
    self._p[key] = cp.Package(selector, self)
  File "/home/pg/sources/mix/core/package.py", line 48, in __init__
    'deps': [x.out_dir for x in self.iter_all_build_depends()],
  File "/home/pg/sources/mix/core/package.py", line 48, in <listcomp>
    'deps': [x.out_dir for x in self.iter_all_build_depends()],
  File "/home/pg/sources/mix/core/package.py", line 109, in iter_all_build_depends
    for d in self.all_build_depends():
  File "/home/pg/sources/mix/core/utils.py", line 62, in wrapper
    self.__dict__[key] = m(self)
  File "/home/pg/sources/mix/core/package.py", line 106, in all_build_depends
    return cu.uniq_list(self.filter_buildable(iter_deps()))
  File "/home/pg/sources/mix/core/utils.py", line 34, in uniq_list
    return list(iter_uniq_list(lst))
  File "/home/pg/sources/mix/core/utils.py", line 24, in iter_uniq_list
    for l in lst:
  File "/home/pg/sources/mix/core/package.py", line 75, in filter_buildable
    if self.load_package(n).buildable():
  File "/home/pg/sources/mix/core/package.py", line 66, in load_package
    return self.manager.load_package(selector)
  File "/home/pg/sources/mix/core/manager.py", line 40, in load_package
    self._p[key] = cp.Package(selector, self)
  File "/home/pg/sources/mix/core/package.py", line 48, in __init__
    'deps': [x.out_dir for x in self.iter_all_build_depends()],
  File "/home/pg/sources/mix/core/package.py", line 48, in <listcomp>
    'deps': [x.out_dir for x in self.iter_all_build_depends()],
  File "/home/pg/sources/mix/core/package.py", line 109, in iter_all_build_depends
    for d in self.all_build_depends():
  File "/home/pg/sources/mix/core/utils.py", line 62, in wrapper
    self.__dict__[key] = m(self)
  File "/home/pg/sources/mix/core/package.py", line 106, in all_build_depends
    return cu.uniq_list(self.filter_buildable(iter_deps()))
  File "/home/pg/sources/mix/core/utils.py", line 34, in uniq_list
    return list(iter_uniq_list(lst))
  File "/home/pg/sources/mix/core/utils.py", line 24, in iter_uniq_list
    for l in lst:
  File "/home/pg/sources/mix/core/package.py", line 75, in filter_buildable
    if self.load_package(n).buildable():
  File "/home/pg/sources/mix/core/package.py", line 66, in load_package
    return self.manager.load_package(selector)
  File "/home/pg/sources/mix/core/manager.py", line 40, in load_package
    self._p[key] = cp.Package(selector, self)
  File "/home/pg/sources/mix/core/package.py", line 48, in __init__
    'deps': [x.out_dir for x in self.iter_all_build_depends()],
  File "/home/pg/sources/mix/core/package.py", line 48, in <listcomp>
    'deps': [x.out_dir for x in self.iter_all_build_depends()],
  File "/home/pg/sources/mix/core/package.py", line 109, in iter_all_build_depends
    for d in self.all_build_depends():
  File "/home/pg/sources/mix/core/utils.py", line 62, in wrapper
    self.__dict__[key] = m(self)
  File "/home/pg/sources/mix/core/package.py", line 106, in all_build_depends
    return cu.uniq_list(self.filter_buildable(iter_deps()))
  File "/home/pg/sources/mix/core/utils.py", line 34, in uniq_list
    return list(iter_uniq_list(lst))
  File "/home/pg/sources/mix/core/utils.py", line 24, in iter_uniq_list
    for l in lst:
  File "/home/pg/sources/mix/core/package.py", line 74, in filter_buildable
    for n in it:
  File "/home/pg/sources/mix/core/package.py", line 104, in iter_deps
    yield from self.load_package(d).all_runtime_depends()
  File "/home/pg/sources/mix/core/utils.py", line 62, in wrapper
    self.__dict__[key] = m(self)
  File "/home/pg/sources/mix/core/package.py", line 124, in all_runtime_depends
    return cu.uniq_list(self.filter_buildable(iter_deps()))
  File "/home/pg/sources/mix/core/utils.py", line 34, in uniq_list
    return list(iter_uniq_list(lst))
  File "/home/pg/sources/mix/core/utils.py", line 24, in iter_uniq_list
    for l in lst:
  File "/home/pg/sources/mix/core/package.py", line 74, in filter_buildable
    for n in it:
  File "/home/pg/sources/mix/core/package.py", line 122, in iter_deps
    yield from self.load_package(d).all_runtime_depends()
  File "/home/pg/sources/mix/core/utils.py", line 62, in wrapper
    self.__dict__[key] = m(self)
  File "/home/pg/sources/mix/core/package.py", line 124, in all_runtime_depends
    return cu.uniq_list(self.filter_buildable(iter_deps()))
  File "/home/pg/sources/mix/core/utils.py", line 34, in uniq_list
    return list(iter_uniq_list(lst))
  File "/home/pg/sources/mix/core/utils.py", line 24, in iter_uniq_list
    for l in lst:
  File "/home/pg/sources/mix/core/package.py", line 75, in filter_buildable
    if self.load_package(n).buildable():
  File "/home/pg/sources/mix/core/package.py", line 66, in load_package
    return self.manager.load_package(selector)
  File "/home/pg/sources/mix/core/manager.py", line 40, in load_package
    self._p[key] = cp.Package(selector, self)
  File "/home/pg/sources/mix/core/package.py", line 48, in __init__
    'deps': [x.out_dir for x in self.iter_all_build_depends()],
  File "/home/pg/sources/mix/core/package.py", line 48, in <listcomp>
    'deps': [x.out_dir for x in self.iter_all_build_depends()],
  File "/home/pg/sources/mix/core/package.py", line 109, in iter_all_build_depends
    for d in self.all_build_depends():
  File "/home/pg/sources/mix/core/utils.py", line 62, in wrapper
    self.__dict__[key] = m(self)
  File "/home/pg/sources/mix/core/package.py", line 106, in all_build_depends
    return cu.uniq_list(self.filter_buildable(iter_deps()))
  File "/home/pg/sources/mix/core/utils.py", line 34, in uniq_list
    return list(iter_uniq_list(lst))
  File "/home/pg/sources/mix/core/utils.py", line 24, in iter_uniq_list
    for l in lst:
  File "/home/pg/sources/mix/core/package.py", line 74, in filter_buildable
    for n in it:
  File "/home/pg/sources/mix/core/package.py", line 104, in iter_deps
    yield from self.load_package(d).all_runtime_depends()
  File "/home/pg/sources/mix/core/utils.py", line 62, in wrapper
    self.__dict__[key] = m(self)
  File "/home/pg/sources/mix/core/package.py", line 124, in all_runtime_depends
    return cu.uniq_list(self.filter_buildable(iter_deps()))
  File "/home/pg/sources/mix/core/utils.py", line 34, in uniq_list
    return list(iter_uniq_list(lst))
  File "/home/pg/sources/mix/core/utils.py", line 24, in iter_uniq_list
    for l in lst:
  File "/home/pg/sources/mix/core/package.py", line 75, in filter_buildable
    if self.load_package(n).buildable():
  File "/home/pg/sources/mix/core/package.py", line 66, in load_package
    return self.manager.load_package(selector)
  File "/home/pg/sources/mix/core/manager.py", line 40, in load_package
    self._p[key] = cp.Package(selector, self)
  File "/home/pg/sources/mix/core/package.py", line 48, in __init__
    'deps': [x.out_dir for x in self.iter_all_build_depends()],
  File "/home/pg/sources/mix/core/package.py", line 48, in <listcomp>
    'deps': [x.out_dir for x in self.iter_all_build_depends()],
  File "/home/pg/sources/mix/core/package.py", line 109, in iter_all_build_depends
    for d in self.all_build_depends():
  File "/home/pg/sources/mix/core/utils.py", line 62, in wrapper
    self.__dict__[key] = m(self)
  File "/home/pg/sources/mix/core/package.py", line 106, in all_build_depends
    return cu.uniq_list(self.filter_buildable(iter_deps()))
  File "/home/pg/sources/mix/core/utils.py", line 34, in uniq_list
    return list(iter_uniq_list(lst))
  File "/home/pg/sources/mix/core/utils.py", line 24, in iter_uniq_list
    for l in lst:
  File "/home/pg/sources/mix/core/package.py", line 75, in filter_buildable
    if self.load_package(n).buildable():
  File "/home/pg/sources/mix/core/package.py", line 66, in load_package
    return self.manager.load_package(selector)
  File "/home/pg/sources/mix/core/manager.py", line 40, in load_package
    self._p[key] = cp.Package(selector, self)
  File "/home/pg/sources/mix/core/package.py", line 48, in __init__
    'deps': [x.out_dir for x in self.iter_all_build_depends()],
  File "/home/pg/sources/mix/core/package.py", line 48, in <listcomp>
    'deps': [x.out_dir for x in self.iter_all_build_depends()],
  File "/home/pg/sources/mix/core/package.py", line 109, in iter_all_build_depends
    for d in self.all_build_depends():
  File "/home/pg/sources/mix/core/utils.py", line 62, in wrapper
    self.__dict__[key] = m(self)
  File "/home/pg/sources/mix/core/package.py", line 106, in all_build_depends
    return cu.uniq_list(self.filter_buildable(iter_deps()))
  File "/home/pg/sources/mix/core/utils.py", line 34, in uniq_list
    return list(iter_uniq_list(lst))
  File "/home/pg/sources/mix/core/utils.py", line 24, in iter_uniq_list
    for l in lst:
  File "/home/pg/sources/mix/core/package.py", line 75, in filter_buildable
    if self.load_package(n).buildable():
  File "/home/pg/sources/mix/core/package.py", line 66, in load_package
    return self.manager.load_package(selector)
  File "/home/pg/sources/mix/core/manager.py", line 40, in load_package
    self._p[key] = cp.Package(selector, self)
  File "/home/pg/sources/mix/core/package.py", line 48, in __init__
    'deps': [x.out_dir for x in self.iter_all_build_depends()],
  File "/home/pg/sources/mix/core/package.py", line 48, in <listcomp>
    'deps': [x.out_dir for x in self.iter_all_build_depends()],
  File "/home/pg/sources/mix/core/package.py", line 109, in iter_all_build_depends
    for d in self.all_build_depends():
  File "/home/pg/sources/mix/core/utils.py", line 62, in wrapper
    self.__dict__[key] = m(self)
  File "/home/pg/sources/mix/core/package.py", line 106, in all_build_depends
    return cu.uniq_list(self.filter_buildable(iter_deps()))
  File "/home/pg/sources/mix/core/utils.py", line 34, in uniq_list
    return list(iter_uniq_list(lst))
  File "/home/pg/sources/mix/core/utils.py", line 24, in iter_uniq_list
    for l in lst:
  File "/home/pg/sources/mix/core/package.py", line 75, in filter_buildable
    if self.load_package(n).buildable():
  File "/home/pg/sources/mix/core/package.py", line 66, in load_package
    return self.manager.load_package(selector)
  File "/home/pg/sources/mix/core/manager.py", line 40, in load_package
    self._p[key] = cp.Package(selector, self)
  File "/home/pg/sources/mix/core/package.py", line 48, in __init__
    'deps': [x.out_dir for x in self.iter_all_build_depends()],
  File "/home/pg/sources/mix/core/package.py", line 48, in <listcomp>
    'deps': [x.out_dir for x in self.iter_all_build_depends()],
  File "/home/pg/sources/mix/core/package.py", line 109, in iter_all_build_depends
    for d in self.all_build_depends():
  File "/home/pg/sources/mix/core/utils.py", line 62, in wrapper
    self.__dict__[key] = m(self)
  File "/home/pg/sources/mix/core/package.py", line 106, in all_build_depends
    return cu.uniq_list(self.filter_buildable(iter_deps()))
  File "/home/pg/sources/mix/core/utils.py", line 34, in uniq_list
    return list(iter_uniq_list(lst))
  File "/home/pg/sources/mix/core/utils.py", line 24, in iter_uniq_list
    for l in lst:
  File "/home/pg/sources/mix/core/package.py", line 75, in filter_buildable
    if self.load_package(n).buildable():
  File "/home/pg/sources/mix/core/package.py", line 66, in load_package
    return self.manager.load_package(selector)
  File "/home/pg/sources/mix/core/manager.py", line 40, in load_package
    self._p[key] = cp.Package(selector, self)
  File "/home/pg/sources/mix/core/package.py", line 48, in __init__
    'deps': [x.out_dir for x in self.iter_all_build_depends()],
  File "/home/pg/sources/mix/core/package.py", line 48, in <listcomp>
    'deps': [x.out_dir for x in self.iter_all_build_depends()],
  File "/home/pg/sources/mix/core/package.py", line 109, in iter_all_build_depends
    for d in self.all_build_depends():
  File "/home/pg/sources/mix/core/utils.py", line 62, in wrapper
    self.__dict__[key] = m(self)
  File "/home/pg/sources/mix/core/package.py", line 106, in all_build_depends
    return cu.uniq_list(self.filter_buildable(iter_deps()))
  File "/home/pg/sources/mix/core/utils.py", line 34, in uniq_list
    return list(iter_uniq_list(lst))
  File "/home/pg/sources/mix/core/utils.py", line 24, in iter_uniq_list
    for l in lst:
  File "/home/pg/sources/mix/core/package.py", line 75, in filter_buildable
    if self.load_package(n).buildable():
  File "/home/pg/sources/mix/core/package.py", line 66, in load_package
    return self.manager.load_package(selector)
  File "/home/pg/sources/mix/core/manager.py", line 40, in load_package
    self._p[key] = cp.Package(selector, self)
  File "/home/pg/sources/mix/core/package.py", line 48, in __init__
    'deps': [x.out_dir for x in self.iter_all_build_depends()],
  File "/home/pg/sources/mix/core/package.py", line 48, in <listcomp>
    'deps': [x.out_dir for x in self.iter_all_build_depends()],
  File "/home/pg/sources/mix/core/package.py", line 109, in iter_all_build_depends
    for d in self.all_build_depends():
  File "/home/pg/sources/mix/core/utils.py", line 62, in wrapper
    self.__dict__[key] = m(self)
  File "/home/pg/sources/mix/core/package.py", line 106, in all_build_depends
    return cu.uniq_list(self.filter_buildable(iter_deps()))
  File "/home/pg/sources/mix/core/utils.py", line 34, in uniq_list
    return list(iter_uniq_list(lst))
  File "/home/pg/sources/mix/core/utils.py", line 24, in iter_uniq_list
    for l in lst:
  File "/home/pg/sources/mix/core/package.py", line 74, in filter_buildable
    for n in it:
  File "/home/pg/sources/mix/core/package.py", line 104, in iter_deps
    yield from self.load_package(d).all_runtime_depends()
  File "/home/pg/sources/mix/core/utils.py", line 62, in wrapper
    self.__dict__[key] = m(self)
  File "/home/pg/sources/mix/core/package.py", line 124, in all_runtime_depends
    return cu.uniq_list(self.filter_buildable(iter_deps()))
  File "/home/pg/sources/mix/core/utils.py", line 34, in uniq_list
    return list(iter_uniq_list(lst))
  File "/home/pg/sources/mix/core/utils.py", line 24, in iter_uniq_list
    for l in lst:
  File "/home/pg/sources/mix/core/package.py", line 74, in filter_buildable
    for n in it:
  File "/home/pg/sources/mix/core/package.py", line 122, in iter_deps
    yield from self.load_package(d).all_runtime_depends()
  File "/home/pg/sources/mix/core/utils.py", line 62, in wrapper
    self.__dict__[key] = m(self)
  File "/home/pg/sources/mix/core/package.py", line 124, in all_runtime_depends
    return cu.uniq_list(self.filter_buildable(iter_deps()))
  File "/home/pg/sources/mix/core/utils.py", line 34, in uniq_list
    return list(iter_uniq_list(lst))
  File "/home/pg/sources/mix/core/utils.py", line 24, in iter_uniq_list
    for l in lst:
  File "/home/pg/sources/mix/core/package.py", line 75, in filter_buildable
    if self.load_package(n).buildable():
  File "/home/pg/sources/mix/core/package.py", line 66, in load_package
    return self.manager.load_package(selector)
  File "/home/pg/sources/mix/core/manager.py", line 40, in load_package
    self._p[key] = cp.Package(selector, self)
  File "/home/pg/sources/mix/core/package.py", line 48, in __init__
    'deps': [x.out_dir for x in self.iter_all_build_depends()],
  File "/home/pg/sources/mix/core/package.py", line 48, in <listcomp>
    'deps': [x.out_dir for x in self.iter_all_build_depends()],
  File "/home/pg/sources/mix/core/package.py", line 109, in iter_all_build_depends
    for d in self.all_build_depends():
  File "/home/pg/sources/mix/core/utils.py", line 62, in wrapper
    self.__dict__[key] = m(self)
  File "/home/pg/sources/mix/core/package.py", line 106, in all_build_depends
    return cu.uniq_list(self.filter_buildable(iter_deps()))
  File "/home/pg/sources/mix/core/utils.py", line 34, in uniq_list
    return list(iter_uniq_list(lst))
  File "/home/pg/sources/mix/core/utils.py", line 24, in iter_uniq_list
    for l in lst:
  File "/home/pg/sources/mix/core/package.py", line 74, in filter_buildable
    for n in it:
  File "/home/pg/sources/mix/core/package.py", line 104, in iter_deps
    yield from self.load_package(d).all_runtime_depends()
  File "/home/pg/sources/mix/core/utils.py", line 62, in wrapper
    self.__dict__[key] = m(self)
  File "/home/pg/sources/mix/core/package.py", line 124, in all_runtime_depends
    return cu.uniq_list(self.filter_buildable(iter_deps()))
  File "/home/pg/sources/mix/core/utils.py", line 34, in uniq_list
    return list(iter_uniq_list(lst))
  File "/home/pg/sources/mix/core/utils.py", line 24, in iter_uniq_list
    for l in lst:
  File "/home/pg/sources/mix/core/package.py", line 75, in filter_buildable
    if self.load_package(n).buildable():
  File "/home/pg/sources/mix/core/package.py", line 66, in load_package
    return self.manager.load_package(selector)
  File "/home/pg/sources/mix/core/manager.py", line 40, in load_package
    self._p[key] = cp.Package(selector, self)
  File "/home/pg/sources/mix/core/package.py", line 48, in __init__
    'deps': [x.out_dir for x in self.iter_all_build_depends()],
  File "/home/pg/sources/mix/core/package.py", line 48, in <listcomp>
    'deps': [x.out_dir for x in self.iter_all_build_depends()],
  File "/home/pg/sources/mix/core/package.py", line 109, in iter_all_build_depends
    for d in self.all_build_depends():
  File "/home/pg/sources/mix/core/utils.py", line 62, in wrapper
    self.__dict__[key] = m(self)
  File "/home/pg/sources/mix/core/package.py", line 106, in all_build_depends
    return cu.uniq_list(self.filter_buildable(iter_deps()))
  File "/home/pg/sources/mix/core/utils.py", line 34, in uniq_list
    return list(iter_uniq_list(lst))
  File "/home/pg/sources/mix/core/utils.py", line 24, in iter_uniq_list
    for l in lst:
  File "/home/pg/sources/mix/core/package.py", line 75, in filter_buildable
    if self.load_package(n).buildable():
  File "/home/pg/sources/mix/core/package.py", line 66, in load_package
    return self.manager.load_package(selector)
  File "/home/pg/sources/mix/core/manager.py", line 40, in load_package
    self._p[key] = cp.Package(selector, self)
  File "/home/pg/sources/mix/core/package.py", line 48, in __init__
    'deps': [x.out_dir for x in self.iter_all_build_depends()],
  File "/home/pg/sources/mix/core/package.py", line 48, in <listcomp>
    'deps': [x.out_dir for x in self.iter_all_build_depends()],
  File "/home/pg/sources/mix/core/package.py", line 109, in iter_all_build_depends
    for d in self.all_build_depends():
  File "/home/pg/sources/mix/core/utils.py", line 62, in wrapper
    self.__dict__[key] = m(self)
  File "/home/pg/sources/mix/core/package.py", line 106, in all_build_depends
    return cu.uniq_list(self.filter_buildable(iter_deps()))
  File "/home/pg/sources/mix/core/utils.py", line 34, in uniq_list
    return list(iter_uniq_list(lst))
  File "/home/pg/sources/mix/core/utils.py", line 24, in iter_uniq_list
    for l in lst:
  File "/home/pg/sources/mix/core/package.py", line 75, in filter_buildable
    if self.load_package(n).buildable():
  File "/home/pg/sources/mix/core/package.py", line 66, in load_package
    return self.manager.load_package(selector)
  File "/home/pg/sources/mix/core/manager.py", line 40, in load_package
    self._p[key] = cp.Package(selector, self)
  File "/home/pg/sources/mix/core/package.py", line 48, in __init__
    'deps': [x.out_dir for x in self.iter_all_build_depends()],
  File "/home/pg/sources/mix/core/package.py", line 48, in <listcomp>
    'deps': [x.out_dir for x in self.iter_all_build_depends()],
  File "/home/pg/sources/mix/core/package.py", line 109, in iter_all_build_depends
    for d in self.all_build_depends():
  File "/home/pg/sources/mix/core/utils.py", line 62, in wrapper
    self.__dict__[key] = m(self)
  File "/home/pg/sources/mix/core/package.py", line 106, in all_build_depends
    return cu.uniq_list(self.filter_buildable(iter_deps()))
  File "/home/pg/sources/mix/core/utils.py", line 34, in uniq_list
    return list(iter_uniq_list(lst))
  File "/home/pg/sources/mix/core/utils.py", line 24, in iter_uniq_list
    for l in lst:
  File "/home/pg/sources/mix/core/package.py", line 75, in filter_buildable
    if self.load_package(n).buildable():
  File "/home/pg/sources/mix/core/package.py", line 66, in load_package
    return self.manager.load_package(selector)
  File "/home/pg/sources/mix/core/manager.py", line 40, in load_package
    self._p[key] = cp.Package(selector, self)
  File "/home/pg/sources/mix/core/package.py", line 48, in __init__
    'deps': [x.out_dir for x in self.iter_all_build_depends()],
  File "/home/pg/sources/mix/core/package.py", line 48, in <listcomp>
    'deps': [x.out_dir for x in self.iter_all_build_depends()],
  File "/home/pg/sources/mix/core/package.py", line 109, in iter_all_build_depends
    for d in self.all_build_depends():
  File "/home/pg/sources/mix/core/utils.py", line 62, in wrapper
    self.__dict__[key] = m(self)
  File "/home/pg/sources/mix/core/package.py", line 106, in all_build_depends
    return cu.uniq_list(self.filter_buildable(iter_deps()))
  File "/home/pg/sources/mix/core/utils.py", line 34, in uniq_list
    return list(iter_uniq_list(lst))
  File "/home/pg/sources/mix/core/utils.py", line 24, in iter_uniq_list
    for l in lst:
  File "/home/pg/sources/mix/core/package.py", line 75, in filter_buildable
    if self.load_package(n).buildable():
  File "/home/pg/sources/mix/core/package.py", line 66, in load_package
    return self.manager.load_package(selector)
  File "/home/pg/sources/mix/core/manager.py", line 40, in load_package
    self._p[key] = cp.Package(selector, self)
  File "/home/pg/sources/mix/core/package.py", line 48, in __init__
    'deps': [x.out_dir for x in self.iter_all_build_depends()],
  File "/home/pg/sources/mix/core/package.py", line 48, in <listcomp>
    'deps': [x.out_dir for x in self.iter_all_build_depends()],
  File "/home/pg/sources/mix/core/package.py", line 109, in iter_all_build_depends
    for d in self.all_build_depends():
  File "/home/pg/sources/mix/core/utils.py", line 62, in wrapper
    self.__dict__[key] = m(self)
  File "/home/pg/sources/mix/core/package.py", line 106, in all_build_depends
    return cu.uniq_list(self.filter_buildable(iter_deps()))
  File "/home/pg/sources/mix/core/utils.py", line 34, in uniq_list
    return list(iter_uniq_list(lst))
  File "/home/pg/sources/mix/core/utils.py", line 24, in iter_uniq_list
    for l in lst:
  File "/home/pg/sources/mix/core/package.py", line 75, in filter_buildable
    if self.load_package(n).buildable():
  File "/home/pg/sources/mix/core/package.py", line 66, in load_package
    return self.manager.load_package(selector)
  File "/home/pg/sources/mix/core/manager.py", line 40, in load_package
    self._p[key] = cp.Package(selector, self)
  File "/home/pg/sources/mix/core/package.py", line 48, in __init__
    'deps': [x.out_dir for x in self.iter_all_build_depends()],
  File "/home/pg/sources/mix/core/package.py", line 48, in <listcomp>
    'deps': [x.out_dir for x in self.iter_all_build_depends()],
  File "/home/pg/sources/mix/core/package.py", line 109, in iter_all_build_depends
    for d in self.all_build_depends():
  File "/home/pg/sources/mix/core/utils.py", line 62, in wrapper
    self.__dict__[key] = m(self)
  File "/home/pg/sources/mix/core/package.py", line 106, in all_build_depends
    return cu.uniq_list(self.filter_buildable(iter_deps()))
  File "/home/pg/sources/mix/core/utils.py", line 34, in uniq_list
    return list(iter_uniq_list(lst))
  File "/home/pg/sources/mix/core/utils.py", line 24, in iter_uniq_list
    for l in lst:
  File "/home/pg/sources/mix/core/package.py", line 74, in filter_buildable
    for n in it:
  File "/home/pg/sources/mix/core/package.py", line 104, in iter_deps
    yield from self.load_package(d).all_runtime_depends()
  File "/home/pg/sources/mix/core/utils.py", line 62, in wrapper
    self.__dict__[key] = m(self)
  File "/home/pg/sources/mix/core/package.py", line 124, in all_runtime_depends
    return cu.uniq_list(self.filter_buildable(iter_deps()))
  File "/home/pg/sources/mix/core/utils.py", line 34, in uniq_list
    return list(iter_uniq_list(lst))
  File "/home/pg/sources/mix/core/utils.py", line 24, in iter_uniq_list
    for l in lst:
  File "/home/pg/sources/mix/core/package.py", line 74, in filter_buildable
    for n in it:
  File "/home/pg/sources/mix/core/package.py", line 122, in iter_deps
    yield from self.load_package(d).all_runtime_depends()
  File "/home/pg/sources/mix/core/utils.py", line 62, in wrapper
    self.__dict__[key] = m(self)
  File "/home/pg/sources/mix/core/package.py", line 124, in all_runtime_depends
    return cu.uniq_list(self.filter_buildable(iter_deps()))
  File "/home/pg/sources/mix/core/utils.py", line 34, in uniq_list
    return list(iter_uniq_list(lst))
  File "/home/pg/sources/mix/core/utils.py", line 24, in iter_uniq_list
    for l in lst:
  File "/home/pg/sources/mix/core/package.py", line 75, in filter_buildable
    if self.load_package(n).buildable():
  File "/home/pg/sources/mix/core/package.py", line 66, in load_package
    return self.manager.load_package(selector)
  File "/home/pg/sources/mix/core/manager.py", line 40, in load_package
    self._p[key] = cp.Package(selector, self)
  File "/home/pg/sources/mix/core/package.py", line 48, in __init__
    'deps': [x.out_dir for x in self.iter_all_build_depends()],
  File "/home/pg/sources/mix/core/package.py", line 48, in <listcomp>
    'deps': [x.out_dir for x in self.iter_all_build_depends()],
  File "/home/pg/sources/mix/core/package.py", line 109, in iter_all_build_depends
    for d in self.all_build_depends():
  File "/home/pg/sources/mix/core/utils.py", line 62, in wrapper
    self.__dict__[key] = m(self)
  File "/home/pg/sources/mix/core/package.py", line 106, in all_build_depends
    return cu.uniq_list(self.filter_buildable(iter_deps()))
  File "/home/pg/sources/mix/core/utils.py", line 34, in uniq_list
    return list(iter_uniq_list(lst))
  File "/home/pg/sources/mix/core/utils.py", line 24, in iter_uniq_list
    for l in lst:
  File "/home/pg/sources/mix/core/package.py", line 74, in filter_buildable
    for n in it:
  File "/home/pg/sources/mix/core/package.py", line 104, in iter_deps
    yield from self.load_package(d).all_runtime_depends()
  File "/home/pg/sources/mix/core/utils.py", line 62, in wrapper
    self.__dict__[key] = m(self)
  File "/home/pg/sources/mix/core/package.py", line 124, in all_runtime_depends
    return cu.uniq_list(self.filter_buildable(iter_deps()))
  File "/home/pg/sources/mix/core/utils.py", line 34, in uniq_list
    return list(iter_uniq_list(lst))
  File "/home/pg/sources/mix/core/utils.py", line 24, in iter_uniq_list
    for l in lst:
  File "/home/pg/sources/mix/core/package.py", line 75, in filter_buildable
    if self.load_package(n).buildable():
  File "/home/pg/sources/mix/core/package.py", line 66, in load_package
    return self.manager.load_package(selector)
  File "/home/pg/sources/mix/core/manager.py", line 40, in load_package
    self._p[key] = cp.Package(selector, self)
  File "/home/pg/sources/mix/core/package.py", line 48, in __init__
    'deps': [x.out_dir for x in self.iter_all_build_depends()],
  File "/home/pg/sources/mix/core/package.py", line 48, in <listcomp>
    'deps': [x.out_dir for x in self.iter_all_build_depends()],
  File "/home/pg/sources/mix/core/package.py", line 109, in iter_all_build_depends
    for d in self.all_build_depends():
  File "/home/pg/sources/mix/core/utils.py", line 62, in wrapper
    self.__dict__[key] = m(self)
  File "/home/pg/sources/mix/core/package.py", line 106, in all_build_depends
    return cu.uniq_list(self.filter_buildable(iter_deps()))
  File "/home/pg/sources/mix/core/utils.py", line 34, in uniq_list
    return list(iter_uniq_list(lst))
  File "/home/pg/sources/mix/core/utils.py", line 24, in iter_uniq_list
    for l in lst:
  File "/home/pg/sources/mix/core/package.py", line 75, in filter_buildable
    if self.load_package(n).buildable():
  File "/home/pg/sources/mix/core/package.py", line 66, in load_package
    return self.manager.load_package(selector)
  File "/home/pg/sources/mix/core/manager.py", line 40, in load_package
    self._p[key] = cp.Package(selector, self)
  File "/home/pg/sources/mix/core/package.py", line 48, in __init__
    'deps': [x.out_dir for x in self.iter_all_build_depends()],
  File "/home/pg/sources/mix/core/package.py", line 48, in <listcomp>
    'deps': [x.out_dir for x in self.iter_all_build_depends()],
  File "/home/pg/sources/mix/core/package.py", line 109, in iter_all_build_depends
    for d in self.all_build_depends():
  File "/home/pg/sources/mix/core/utils.py", line 62, in wrapper
    self.__dict__[key] = m(self)
  File "/home/pg/sources/mix/core/package.py", line 106, in all_build_depends
    return cu.uniq_list(self.filter_buildable(iter_deps()))
  File "/home/pg/sources/mix/core/utils.py", line 34, in uniq_list
    return list(iter_uniq_list(lst))
  File "/home/pg/sources/mix/core/utils.py", line 24, in iter_uniq_list
    for l in lst:
  File "/home/pg/sources/mix/core/package.py", line 75, in filter_buildable
    if self.load_package(n).buildable():
  File "/home/pg/sources/mix/core/package.py", line 66, in load_package
    return self.manager.load_package(selector)
  File "/home/pg/sources/mix/core/manager.py", line 40, in load_package
    self._p[key] = cp.Package(selector, self)
  File "/home/pg/sources/mix/core/package.py", line 48, in __init__
    'deps': [x.out_dir for x in self.iter_all_build_depends()],
  File "/home/pg/sources/mix/core/package.py", line 48, in <listcomp>
    'deps': [x.out_dir for x in self.iter_all_build_depends()],
  File "/home/pg/sources/mix/core/package.py", line 109, in iter_all_build_depends
    for d in self.all_build_depends():
  File "/home/pg/sources/mix/core/utils.py", line 62, in wrapper
    self.__dict__[key] = m(self)
  File "/home/pg/sources/mix/core/package.py", line 106, in all_build_depends
    return cu.uniq_list(self.filter_buildable(iter_deps()))
  File "/home/pg/sources/mix/core/utils.py", line 34, in uniq_list
    return list(iter_uniq_list(lst))
  File "/home/pg/sources/mix/core/utils.py", line 24, in iter_uniq_list
    for l in lst:
  File "/home/pg/sources/mix/core/package.py", line 75, in filter_buildable
    if self.load_package(n).buildable():
  File "/home/pg/sources/mix/core/package.py", line 66, in load_package
    return self.manager.load_package(selector)
  File "/home/pg/sources/mix/core/manager.py", line 40, in load_package
    self._p[key] = cp.Package(selector, self)
  File "/home/pg/sources/mix/core/package.py", line 48, in __init__
    'deps': [x.out_dir for x in self.iter_all_build_depends()],
  File "/home/pg/sources/mix/core/package.py", line 48, in <listcomp>
    'deps': [x.out_dir for x in self.iter_all_build_depends()],
  File "/home/pg/sources/mix/core/package.py", line 109, in iter_all_build_depends
    for d in self.all_build_depends():
  File "/home/pg/sources/mix/core/utils.py", line 62, in wrapper
    self.__dict__[key] = m(self)
  File "/home/pg/sources/mix/core/package.py", line 106, in all_build_depends
    return cu.uniq_list(self.filter_buildable(iter_deps()))
  File "/home/pg/sources/mix/core/utils.py", line 34, in uniq_list
    return list(iter_uniq_list(lst))
  File "/home/pg/sources/mix/core/utils.py", line 24, in iter_uniq_list
    for l in lst:
  File "/home/pg/sources/mix/core/package.py", line 75, in filter_buildable
    if self.load_package(n).buildable():
  File "/home/pg/sources/mix/core/package.py", line 66, in load_package
    return self.manager.load_package(selector)
  File "/home/pg/sources/mix/core/manager.py", line 40, in load_package
    self._p[key] = cp.Package(selector, self)
  File "/home/pg/sources/mix/core/package.py", line 48, in __init__
    'deps': [x.out_dir for x in self.iter_all_build_depends()],
  File "/home/pg/sources/mix/core/package.py", line 48, in <listcomp>
    'deps': [x.out_dir for x in self.iter_all_build_depends()],
  File "/home/pg/sources/mix/core/package.py", line 109, in iter_all_build_depends
    for d in self.all_build_depends():
  File "/home/pg/sources/mix/core/utils.py", line 62, in wrapper
    self.__dict__[key] = m(self)
  File "/home/pg/sources/mix/core/package.py", line 106, in all_build_depends
    return cu.uniq_list(self.filter_buildable(iter_deps()))
  File "/home/pg/sources/mix/core/utils.py", line 34, in uniq_list
    return list(iter_uniq_list(lst))
  File "/home/pg/sources/mix/core/utils.py", line 24, in iter_uniq_list
    for l in lst:
  File "/home/pg/sources/mix/core/package.py", line 75, in filter_buildable
    if self.load_package(n).buildable():
  File "/home/pg/sources/mix/core/package.py", line 66, in load_package
    return self.manager.load_package(selector)
  File "/home/pg/sources/mix/core/manager.py", line 40, in load_package
    self._p[key] = cp.Package(selector, self)
  File "/home/pg/sources/mix/core/package.py", line 48, in __init__
    'deps': [x.out_dir for x in self.iter_all_build_depends()],
  File "/home/pg/sources/mix/core/package.py", line 48, in <listcomp>
    'deps': [x.out_dir for x in self.iter_all_build_depends()],
  File "/home/pg/sources/mix/core/package.py", line 109, in iter_all_build_depends
    for d in self.all_build_depends():
  File "/home/pg/sources/mix/core/utils.py", line 62, in wrapper
    self.__dict__[key] = m(self)
  File "/home/pg/sources/mix/core/package.py", line 106, in all_build_depends
    return cu.uniq_list(self.filter_buildable(iter_deps()))
  File "/home/pg/sources/mix/core/utils.py", line 34, in uniq_list
    return list(iter_uniq_list(lst))
  File "/home/pg/sources/mix/core/utils.py", line 24, in iter_uniq_list
    for l in lst:
  File "/home/pg/sources/mix/core/package.py", line 74, in filter_buildable
    for n in it:
  File "/home/pg/sources/mix/core/package.py", line 104, in iter_deps
    yield from self.load_package(d).all_runtime_depends()
  File "/home/pg/sources/mix/core/utils.py", line 62, in wrapper
    self.__dict__[key] = m(self)
  File "/home/pg/sources/mix/core/package.py", line 124, in all_runtime_depends
    return cu.uniq_list(self.filter_buildable(iter_deps()))
  File "/home/pg/sources/mix/core/utils.py", line 34, in uniq_list
    return list(iter_uniq_list(lst))
  File "/home/pg/sources/mix/core/utils.py", line 24, in iter_uniq_list
    for l in lst:
  File "/home/pg/sources/mix/core/package.py", line 74, in filter_buildable
    for n in it:
  File "/home/pg/sources/mix/core/package.py", line 122, in iter_deps
    yield from self.load_package(d).all_runtime_depends()
  File "/home/pg/sources/mix/core/utils.py", line 62, in wrapper
    self.__dict__[key] = m(self)
  File "/home/pg/sources/mix/core/package.py", line 124, in all_runtime_depends
    return cu.uniq_list(self.filter_buildable(iter_deps()))
  File "/home/pg/sources/mix/core/utils.py", line 34, in uniq_list
    return list(iter_uniq_list(lst))
  File "/home/pg/sources/mix/core/utils.py", line 24, in iter_uniq_list
    for l in lst:
  File "/home/pg/sources/mix/core/package.py", line 75, in filter_buildable
    if self.load_package(n).buildable():
  File "/home/pg/sources/mix/core/package.py", line 66, in load_package
    return self.manager.load_package(selector)
  File "/home/pg/sources/mix/core/manager.py", line 40, in load_package
    self._p[key] = cp.Package(selector, self)
  File "/home/pg/sources/mix/core/package.py", line 48, in __init__
    'deps': [x.out_dir for x in self.iter_all_build_depends()],
  File "/home/pg/sources/mix/core/package.py", line 48, in <listcomp>
    'deps': [x.out_dir for x in self.iter_all_build_depends()],
  File "/home/pg/sources/mix/core/package.py", line 109, in iter_all_build_depends
    for d in self.all_build_depends():
  File "/home/pg/sources/mix/core/utils.py", line 62, in wrapper
    self.__dict__[key] = m(self)
  File "/home/pg/sources/mix/core/package.py", line 106, in all_build_depends
    return cu.uniq_list(self.filter_buildable(iter_deps()))
  File "/home/pg/sources/mix/core/utils.py", line 34, in uniq_list
    return list(iter_uniq_list(lst))
  File "/home/pg/sources/mix/core/utils.py", line 24, in iter_uniq_list
    for l in lst:
  File "/home/pg/sources/mix/core/package.py", line 74, in filter_buildable
    for n in it:
  File "/home/pg/sources/mix/core/package.py", line 104, in iter_deps
    yield from self.load_package(d).all_runtime_depends()
  File "/home/pg/sources/mix/core/utils.py", line 62, in wrapper
    self.__dict__[key] = m(self)
  File "/home/pg/sources/mix/core/package.py", line 124, in all_runtime_depends
    return cu.uniq_list(self.filter_buildable(iter_deps()))
  File "/home/pg/sources/mix/core/utils.py", line 34, in uniq_list
    return list(iter_uniq_list(lst))
  File "/home/pg/sources/mix/core/utils.py", line 24, in iter_uniq_list
    for l in lst:
  File "/home/pg/sources/mix/core/package.py", line 75, in filter_buildable
    if self.load_package(n).buildable():
  File "/home/pg/sources/mix/core/package.py", line 66, in load_package
    return self.manager.load_package(selector)
  File "/home/pg/sources/mix/core/manager.py", line 40, in load_package
    self._p[key] = cp.Package(selector, self)
  File "/home/pg/sources/mix/core/package.py", line 48, in __init__
    'deps': [x.out_dir for x in self.iter_all_build_depends()],
  File "/home/pg/sources/mix/core/package.py", line 48, in <listcomp>
    'deps': [x.out_dir for x in self.iter_all_build_depends()],
  File "/home/pg/sources/mix/core/package.py", line 109, in iter_all_build_depends
    for d in self.all_build_depends():
  File "/home/pg/sources/mix/core/utils.py", line 62, in wrapper
    self.__dict__[key] = m(self)
  File "/home/pg/sources/mix/core/package.py", line 106, in all_build_depends
    return cu.uniq_list(self.filter_buildable(iter_deps()))
  File "/home/pg/sources/mix/core/utils.py", line 34, in uniq_list
    return list(iter_uniq_list(lst))
  File "/home/pg/sources/mix/core/utils.py", line 24, in iter_uniq_list
    for l in lst:
  File "/home/pg/sources/mix/core/package.py", line 75, in filter_buildable
    if self.load_package(n).buildable():
  File "/home/pg/sources/mix/core/package.py", line 66, in load_package
    return self.manager.load_package(selector)
  File "/home/pg/sources/mix/core/manager.py", line 40, in load_package
    self._p[key] = cp.Package(selector, self)
  File "/home/pg/sources/mix/core/package.py", line 48, in __init__
    'deps': [x.out_dir for x in self.iter_all_build_depends()],
  File "/home/pg/sources/mix/core/package.py", line 48, in <listcomp>
    'deps': [x.out_dir for x in self.iter_all_build_depends()],
  File "/home/pg/sources/mix/core/package.py", line 109, in iter_all_build_depends
    for d in self.all_build_depends():
  File "/home/pg/sources/mix/core/utils.py", line 62, in wrapper
    self.__dict__[key] = m(self)
  File "/home/pg/sources/mix/core/package.py", line 106, in all_build_depends
    return cu.uniq_list(self.filter_buildable(iter_deps()))
  File "/home/pg/sources/mix/core/utils.py", line 34, in uniq_list
    return list(iter_uniq_list(lst))
  File "/home/pg/sources/mix/core/utils.py", line 24, in iter_uniq_list
    for l in lst:
  File "/home/pg/sources/mix/core/package.py", line 75, in filter_buildable
    if self.load_package(n).buildable():
  File "/home/pg/sources/mix/core/package.py", line 66, in load_package
    return self.manager.load_package(selector)
  File "/home/pg/sources/mix/core/manager.py", line 40, in load_package
    self._p[key] = cp.Package(selector, self)
  File "/home/pg/sources/mix/core/package.py", line 48, in __init__
    'deps': [x.out_dir for x in self.iter_all_build_depends()],
  File "/home/pg/sources/mix/core/package.py", line 48, in <listcomp>
    'deps': [x.out_dir for x in self.iter_all_build_depends()],
  File "/home/pg/sources/mix/core/package.py", line 109, in iter_all_build_depends
    for d in self.all_build_depends():
  File "/home/pg/sources/mix/core/utils.py", line 62, in wrapper
    self.__dict__[key] = m(self)
  File "/home/pg/sources/mix/core/package.py", line 106, in all_build_depends
    return cu.uniq_list(self.filter_buildable(iter_deps()))
  File "/home/pg/sources/mix/core/utils.py", line 34, in uniq_list
    return list(iter_uniq_list(lst))
  File "/home/pg/sources/mix/core/utils.py", line 24, in iter_uniq_list
    for l in lst:
  File "/home/pg/sources/mix/core/package.py", line 75, in filter_buildable
    if self.load_package(n).buildable():
  File "/home/pg/sources/mix/core/package.py", line 66, in load_package
    return self.manager.load_package(selector)
  File "/home/pg/sources/mix/core/manager.py", line 40, in load_package
    self._p[key] = cp.Package(selector, self)
  File "/home/pg/sources/mix/core/package.py", line 48, in __init__
    'deps': [x.out_dir for x in self.iter_all_build_depends()],
  File "/home/pg/sources/mix/core/package.py", line 48, in <listcomp>
    'deps': [x.out_dir for x in self.iter_all_build_depends()],
  File "/home/pg/sources/mix/core/package.py", line 109, in iter_all_build_depends
    for d in self.all_build_depends():
  File "/home/pg/sources/mix/core/utils.py", line 62, in wrapper
    self.__dict__[key] = m(self)
  File "/home/pg/sources/mix/core/package.py", line 106, in all_build_depends
    return cu.uniq_list(self.filter_buildable(iter_deps()))
  File "/home/pg/sources/mix/core/utils.py", line 34, in uniq_list
    return list(iter_uniq_list(lst))
  File "/home/pg/sources/mix/core/utils.py", line 24, in iter_uniq_list
    for l in lst:
  File "/home/pg/sources/mix/core/package.py", line 75, in filter_buildable
    if self.load_package(n).buildable():
  File "/home/pg/sources/mix/core/package.py", line 66, in load_package
    return self.manager.load_package(selector)
  File "/home/pg/sources/mix/core/manager.py", line 40, in load_package
    self._p[key] = cp.Package(selector, self)
  File "/home/pg/sources/mix/core/package.py", line 48, in __init__
    'deps': [x.out_dir for x in self.iter_all_build_depends()],
  File "/home/pg/sources/mix/core/package.py", line 48, in <listcomp>
    'deps': [x.out_dir for x in self.iter_all_build_depends()],
  File "/home/pg/sources/mix/core/package.py", line 109, in iter_all_build_depends
    for d in self.all_build_depends():
  File "/home/pg/sources/mix/core/utils.py", line 62, in wrapper
    self.__dict__[key] = m(self)
  File "/home/pg/sources/mix/core/package.py", line 106, in all_build_depends
    return cu.uniq_list(self.filter_buildable(iter_deps()))
  File "/home/pg/sources/mix/core/utils.py", line 34, in uniq_list
    return list(iter_uniq_list(lst))
  File "/home/pg/sources/mix/core/utils.py", line 24, in iter_uniq_list
    for l in lst:
  File "/home/pg/sources/mix/core/package.py", line 75, in filter_buildable
    if self.load_package(n).buildable():
  File "/home/pg/sources/mix/core/package.py", line 66, in load_package
    return self.manager.load_package(selector)
  File "/home/pg/sources/mix/core/manager.py", line 40, in load_package
    self._p[key] = cp.Package(selector, self)
  File "/home/pg/sources/mix/core/package.py", line 48, in __init__
    'deps': [x.out_dir for x in self.iter_all_build_depends()],
  File "/home/pg/sources/mix/core/package.py", line 48, in <listcomp>
    'deps': [x.out_dir for x in self.iter_all_build_depends()],
  File "/home/pg/sources/mix/core/package.py", line 109, in iter_all_build_depends
    for d in self.all_build_depends():
  File "/home/pg/sources/mix/core/utils.py", line 62, in wrapper
    self.__dict__[key] = m(self)
  File "/home/pg/sources/mix/core/package.py", line 106, in all_build_depends
    return cu.uniq_list(self.filter_buildable(iter_deps()))
  File "/home/pg/sources/mix/core/utils.py", line 34, in uniq_list
    return list(iter_uniq_list(lst))
  File "/home/pg/sources/mix/core/utils.py", line 24, in iter_uniq_list
    for l in lst:
  File "/home/pg/sources/mix/core/package.py", line 74, in filter_buildable
    for n in it:
  File "/home/pg/sources/mix/core/package.py", line 104, in iter_deps
    yield from self.load_package(d).all_runtime_depends()
  File "/home/pg/sources/mix/core/package.py", line 66, in load_package
    return self.manager.load_package(selector)
  File "/home/pg/sources/mix/core/manager.py", line 33, in load_package
    key = cu.struct_hash(selector)
  File "/home/pg/sources/mix/core/utils.py", line 18, in struct_hash
    return string_hash(json.dumps(d, sort_keys=True))
  File "/nix/store/7zr4vqnd92abpd9q0jy43dx4n9aln784-python3-3.10.0rc1/lib/python3.10/json/__init__.py", line 238, in dumps
    **kw).encode(obj)
  File "/nix/store/7zr4vqnd92abpd9q0jy43dx4n9aln784-python3-3.10.0rc1/lib/python3.10/json/encoder.py", line 199, in encode
    chunks = self.iterencode(o, _one_shot=True)
  File "/nix/store/7zr4vqnd92abpd9q0jy43dx4n9aln784-python3-3.10.0rc1/lib/python3.10/json/encoder.py", line 257, in iterencode
    return _iterencode(o, 0)
RecursionError: maximum recursion depth exceeded in comparison
